Compiling the C compiler identification source file "CMakeCCompilerId.c" failed.
Compiler: /Applications/Xcode.app/Contents/Developer/Toolchains/XcodeDefault.xctoolchain/usr/bin/cc 
Build flags: 
Id flags:  

The output was:
1
ld: library not found for -lSystem
clang: error: linker command failed with exit code 1 (use -v to see invocation)


Compiling the CXX compiler identification source file "CMakeCXXCompilerId.cpp" failed.
Compiler: /Applications/Xcode.app/Contents/Developer/Toolchains/XcodeDefault.xctoolchain/usr/bin/c++ 
Build flags: 
Id flags:  

The output was:
1
ld: library not found for -lc++
clang: error: linker command failed with exit code 1 (use -v to see invocation)


Detecting C OpenMP failed with the following output:
Change Dir: /Users/Shared/data/_miao_up/3rd_libs/assimp_4.0.1_build/CMakeFiles/CMakeTmp

Run Build Command(s):/usr/bin/make cmTC_37e33/fast && /Applications/Xcode.app/Contents/Developer/usr/bin/make  -f CMakeFiles/cmTC_37e33.dir/build.make CMakeFiles/cmTC_37e33.dir/build
Building C object CMakeFiles/cmTC_37e33.dir/OpenMPTryFlag.c.o
/Applications/Xcode.app/Contents/Developer/Toolchains/XcodeDefault.xctoolchain/usr/bin/cc   -fopenmp=libomp -v -isysroot /Applications/Xcode.app/Contents/Developer/Platforms/MacOSX.platform/Developer/SDKs/MacOSX11.1.sdk -o CMakeFiles/cmTC_37e33.dir/OpenMPTryFlag.c.o -c /Users/Shared/data/_miao_up/3rd_libs/assimp_4.0.1_build/CMakeFiles/FindOpenMP/OpenMPTryFlag.c
Apple clang version 12.0.0 (clang-1200.0.32.28)
Target: x86_64-apple-darwin20.2.0
Thread model: posix
InstalledDir: /Applications/Xcode.app/Contents/Developer/Toolchains/XcodeDefault.xctoolchain/usr/bin
clang: error: unsupported argument 'libomp' to option 'fopenmp='
make[1]: *** [CMakeFiles/cmTC_37e33.dir/OpenMPTryFlag.c.o] Error 1
make: *** [cmTC_37e33/fast] Error 2



Detecting C OpenMP failed with the following output:
Change Dir: /Users/Shared/data/_miao_up/3rd_libs/assimp_4.0.1_build/CMakeFiles/CMakeTmp

Run Build Command(s):/usr/bin/make cmTC_33d83/fast && /Applications/Xcode.app/Contents/Developer/usr/bin/make  -f CMakeFiles/cmTC_33d83.dir/build.make CMakeFiles/cmTC_33d83.dir/build
Building C object CMakeFiles/cmTC_33d83.dir/OpenMPTryFlag.c.o
/Applications/Xcode.app/Contents/Developer/Toolchains/XcodeDefault.xctoolchain/usr/bin/cc   -fopenmp=libiomp5 -v -isysroot /Applications/Xcode.app/Contents/Developer/Platforms/MacOSX.platform/Developer/SDKs/MacOSX11.1.sdk -o CMakeFiles/cmTC_33d83.dir/OpenMPTryFlag.c.o -c /Users/Shared/data/_miao_up/3rd_libs/assimp_4.0.1_build/CMakeFiles/FindOpenMP/OpenMPTryFlag.c
Apple clang version 12.0.0 (clang-1200.0.32.28)
Target: x86_64-apple-darwin20.2.0
Thread model: posix
InstalledDir: /Applications/Xcode.app/Contents/Developer/Toolchains/XcodeDefault.xctoolchain/usr/bin
clang: error: unsupported argument 'libiomp5' to option 'fopenmp='
make[1]: *** [CMakeFiles/cmTC_33d83.dir/OpenMPTryFlag.c.o] Error 1
make: *** [cmTC_33d83/fast] Error 2



Detecting C OpenMP failed with the following output:
Change Dir: /Users/Shared/data/_miao_up/3rd_libs/assimp_4.0.1_build/CMakeFiles/CMakeTmp

Run Build Command(s):/usr/bin/make cmTC_f5877/fast && /Applications/Xcode.app/Contents/Developer/usr/bin/make  -f CMakeFiles/cmTC_f5877.dir/build.make CMakeFiles/cmTC_f5877.dir/build
Building C object CMakeFiles/cmTC_f5877.dir/OpenMPTryFlag.c.o
/Applications/Xcode.app/Contents/Developer/Toolchains/XcodeDefault.xctoolchain/usr/bin/cc   -fopenmp -v -isysroot /Applications/Xcode.app/Contents/Developer/Platforms/MacOSX.platform/Developer/SDKs/MacOSX11.1.sdk -o CMakeFiles/cmTC_f5877.dir/OpenMPTryFlag.c.o -c /Users/Shared/data/_miao_up/3rd_libs/assimp_4.0.1_build/CMakeFiles/FindOpenMP/OpenMPTryFlag.c
Apple clang version 12.0.0 (clang-1200.0.32.28)
Target: x86_64-apple-darwin20.2.0
Thread model: posix
InstalledDir: /Applications/Xcode.app/Contents/Developer/Toolchains/XcodeDefault.xctoolchain/usr/bin
clang: error: unsupported option '-fopenmp'
make[1]: *** [CMakeFiles/cmTC_f5877.dir/OpenMPTryFlag.c.o] Error 1
make: *** [cmTC_f5877/fast] Error 2



Detecting C OpenMP failed with the following output:
Change Dir: /Users/Shared/data/_miao_up/3rd_libs/assimp_4.0.1_build/CMakeFiles/CMakeTmp

Run Build Command(s):/usr/bin/make cmTC_502be/fast && /Applications/Xcode.app/Contents/Developer/usr/bin/make  -f CMakeFiles/cmTC_502be.dir/build.make CMakeFiles/cmTC_502be.dir/build
Building C object CMakeFiles/cmTC_502be.dir/OpenMPTryFlag.c.o
/Applications/Xcode.app/Contents/Developer/Toolchains/XcodeDefault.xctoolchain/usr/bin/cc   -Xclang -fopenmp -v -isysroot /Applications/Xcode.app/Contents/Developer/Platforms/MacOSX.platform/Developer/SDKs/MacOSX11.1.sdk -o CMakeFiles/cmTC_502be.dir/OpenMPTryFlag.c.o -c /Users/Shared/data/_miao_up/3rd_libs/assimp_4.0.1_build/CMakeFiles/FindOpenMP/OpenMPTryFlag.c
Apple clang version 12.0.0 (clang-1200.0.32.28)
Target: x86_64-apple-darwin20.2.0
Thread model: posix
InstalledDir: /Applications/Xcode.app/Contents/Developer/Toolchains/XcodeDefault.xctoolchain/usr/bin
 "/Applications/Xcode.app/Contents/Developer/Toolchains/XcodeDefault.xctoolchain/usr/bin/clang" -cc1 -triple x86_64-apple-macosx11.0.0 -Wdeprecated-objc-isa-usage -Werror=deprecated-objc-isa-usage -Werror=implicit-function-declaration -emit-obj -mrelax-all -disable-free -disable-llvm-verifier -discard-value-names -main-file-name OpenMPTryFlag.c -mrelocation-model pic -pic-level 2 -mthread-model posix -mframe-pointer=all -fno-strict-return -masm-verbose -munwind-tables -target-sdk-version=11.1 -target-cpu penryn -dwarf-column-info -debugger-tuning=lldb -target-linker-version 609.8 -v -resource-dir /Applications/Xcode.app/Contents/Developer/Toolchains/XcodeDefault.xctoolchain/usr/lib/clang/12.0.0 -isysroot /Applications/Xcode.app/Contents/Developer/Platforms/MacOSX.platform/Developer/SDKs/MacOSX11.1.sdk -internal-isystem /Applications/Xcode.app/Contents/Developer/Platforms/MacOSX.platform/Developer/SDKs/MacOSX11.1.sdk/usr/local/include -internal-isystem /Applications/Xcode.app/Contents/Developer/Toolchains/XcodeDefault.xctoolchain/usr/lib/clang/12.0.0/include -internal-externc-isystem /Applications/Xcode.app/Contents/Developer/Platforms/MacOSX.platform/Developer/SDKs/MacOSX11.1.sdk/usr/include -internal-externc-isystem /Applications/Xcode.app/Contents/Developer/Toolchains/XcodeDefault.xctoolchain/usr/include -Wno-reorder-init-list -Wno-implicit-int-float-conversion -Wno-c99-designator -Wno-final-dtor-non-final-class -Wno-extra-semi-stmt -Wno-misleading-indentation -Wno-quoted-include-in-framework-header -Wno-implicit-fallthrough -Wno-enum-enum-conversion -Wno-enum-float-conversion -fdebug-compilation-dir /Users/Shared/data/_miao_up/3rd_libs/assimp_4.0.1_build/CMakeFiles/CMakeTmp -ferror-limit 19 -fmessage-length 0 -stack-protector 1 -fstack-check -mdarwin-stkchk-strong-link -fblocks -fencode-extended-block-signature -fregister-global-dtors-with-atexit -fgnuc-version=4.2.1 -fobjc-runtime=macosx-11.0.0 -fmax-type-align=16 -fdiagnostics-show-option -fopenmp -o CMakeFiles/cmTC_502be.dir/OpenMPTryFlag.c.o -x c /Users/Shared/data/_miao_up/3rd_libs/assimp_4.0.1_build/CMakeFiles/FindOpenMP/OpenMPTryFlag.c
clang -cc1 version 12.0.0 (clang-1200.0.32.28) default target x86_64-apple-darwin20.2.0
ignoring nonexistent directory "/Applications/Xcode.app/Contents/Developer/Platforms/MacOSX.platform/Developer/SDKs/MacOSX11.1.sdk/usr/local/include"
ignoring nonexistent directory "/Applications/Xcode.app/Contents/Developer/Platforms/MacOSX.platform/Developer/SDKs/MacOSX11.1.sdk/Library/Frameworks"
#include "..." search starts here:
#include <...> search starts here:
 /Applications/Xcode.app/Contents/Developer/Toolchains/XcodeDefault.xctoolchain/usr/lib/clang/12.0.0/include
 /Applications/Xcode.app/Contents/Developer/Platforms/MacOSX.platform/Developer/SDKs/MacOSX11.1.sdk/usr/include
 /Applications/Xcode.app/Contents/Developer/Toolchains/XcodeDefault.xctoolchain/usr/include
 /Applications/Xcode.app/Contents/Developer/Platforms/MacOSX.platform/Developer/SDKs/MacOSX11.1.sdk/System/Library/Frameworks (framework directory)
End of search list.
/Users/Shared/data/_miao_up/3rd_libs/assimp_4.0.1_build/CMakeFiles/FindOpenMP/OpenMPTryFlag.c:2:10: fatal error: 'omp.h' file not found
#include <omp.h>
         ^~~~~~~
1 error generated.
make[1]: *** [CMakeFiles/cmTC_502be.dir/OpenMPTryFlag.c.o] Error 1
make: *** [cmTC_502be/fast] Error 2



Detecting CXX OpenMP failed with the following output:
Change Dir: /Users/Shared/data/_miao_up/3rd_libs/assimp_4.0.1_build/CMakeFiles/CMakeTmp

Run Build Command(s):/usr/bin/make cmTC_018f7/fast && /Applications/Xcode.app/Contents/Developer/usr/bin/make  -f CMakeFiles/cmTC_018f7.dir/build.make CMakeFiles/cmTC_018f7.dir/build
Building CXX object CMakeFiles/cmTC_018f7.dir/OpenMPTryFlag.cpp.o
/Applications/Xcode.app/Contents/Developer/Toolchains/XcodeDefault.xctoolchain/usr/bin/c++   -fopenmp=libomp -v -isysroot /Applications/Xcode.app/Contents/Developer/Platforms/MacOSX.platform/Developer/SDKs/MacOSX11.1.sdk -o CMakeFiles/cmTC_018f7.dir/OpenMPTryFlag.cpp.o -c /Users/Shared/data/_miao_up/3rd_libs/assimp_4.0.1_build/CMakeFiles/FindOpenMP/OpenMPTryFlag.cpp
Apple clang version 12.0.0 (clang-1200.0.32.28)
Target: x86_64-apple-darwin20.2.0
Thread model: posix
InstalledDir: /Applications/Xcode.app/Contents/Developer/Toolchains/XcodeDefault.xctoolchain/usr/bin
ignoring nonexistent directory "/Applications/Xcode.app/Contents/Developer/Platforms/MacOSX.platform/Developer/SDKs/MacOSX11.1.sdk/usr/include/c++/v1"
clang: error: unsupported argument 'libomp' to option 'fopenmp='
make[1]: *** [CMakeFiles/cmTC_018f7.dir/OpenMPTryFlag.cpp.o] Error 1
make: *** [cmTC_018f7/fast] Error 2



Detecting CXX OpenMP failed with the following output:
Change Dir: /Users/Shared/data/_miao_up/3rd_libs/assimp_4.0.1_build/CMakeFiles/CMakeTmp

Run Build Command(s):/usr/bin/make cmTC_5ffdd/fast && /Applications/Xcode.app/Contents/Developer/usr/bin/make  -f CMakeFiles/cmTC_5ffdd.dir/build.make CMakeFiles/cmTC_5ffdd.dir/build
Building CXX object CMakeFiles/cmTC_5ffdd.dir/OpenMPTryFlag.cpp.o
/Applications/Xcode.app/Contents/Developer/Toolchains/XcodeDefault.xctoolchain/usr/bin/c++   -fopenmp=libiomp5 -v -isysroot /Applications/Xcode.app/Contents/Developer/Platforms/MacOSX.platform/Developer/SDKs/MacOSX11.1.sdk -o CMakeFiles/cmTC_5ffdd.dir/OpenMPTryFlag.cpp.o -c /Users/Shared/data/_miao_up/3rd_libs/assimp_4.0.1_build/CMakeFiles/FindOpenMP/OpenMPTryFlag.cpp
Apple clang version 12.0.0 (clang-1200.0.32.28)
Target: x86_64-apple-darwin20.2.0
Thread model: posix
InstalledDir: /Applications/Xcode.app/Contents/Developer/Toolchains/XcodeDefault.xctoolchain/usr/bin
ignoring nonexistent directory "/Applications/Xcode.app/Contents/Developer/Platforms/MacOSX.platform/Developer/SDKs/MacOSX11.1.sdk/usr/include/c++/v1"
clang: error: unsupported argument 'libiomp5' to option 'fopenmp='
make[1]: *** [CMakeFiles/cmTC_5ffdd.dir/OpenMPTryFlag.cpp.o] Error 1
make: *** [cmTC_5ffdd/fast] Error 2



Detecting CXX OpenMP failed with the following output:
Change Dir: /Users/Shared/data/_miao_up/3rd_libs/assimp_4.0.1_build/CMakeFiles/CMakeTmp

Run Build Command(s):/usr/bin/make cmTC_f62cb/fast && /Applications/Xcode.app/Contents/Developer/usr/bin/make  -f CMakeFiles/cmTC_f62cb.dir/build.make CMakeFiles/cmTC_f62cb.dir/build
Building CXX object CMakeFiles/cmTC_f62cb.dir/OpenMPTryFlag.cpp.o
/Applications/Xcode.app/Contents/Developer/Toolchains/XcodeDefault.xctoolchain/usr/bin/c++   -fopenmp -v -isysroot /Applications/Xcode.app/Contents/Developer/Platforms/MacOSX.platform/Developer/SDKs/MacOSX11.1.sdk -o CMakeFiles/cmTC_f62cb.dir/OpenMPTryFlag.cpp.o -c /Users/Shared/data/_miao_up/3rd_libs/assimp_4.0.1_build/CMakeFiles/FindOpenMP/OpenMPTryFlag.cpp
Apple clang version 12.0.0 (clang-1200.0.32.28)
Target: x86_64-apple-darwin20.2.0
Thread model: posix
InstalledDir: /Applications/Xcode.app/Contents/Developer/Toolchains/XcodeDefault.xctoolchain/usr/bin
ignoring nonexistent directory "/Applications/Xcode.app/Contents/Developer/Platforms/MacOSX.platform/Developer/SDKs/MacOSX11.1.sdk/usr/include/c++/v1"
clang: error: unsupported option '-fopenmp'
make[1]: *** [CMakeFiles/cmTC_f62cb.dir/OpenMPTryFlag.cpp.o] Error 1
make: *** [cmTC_f62cb/fast] Error 2



Detecting CXX OpenMP failed with the following output:
Change Dir: /Users/Shared/data/_miao_up/3rd_libs/assimp_4.0.1_build/CMakeFiles/CMakeTmp

Run Build Command(s):/usr/bin/make cmTC_701f6/fast && /Applications/Xcode.app/Contents/Developer/usr/bin/make  -f CMakeFiles/cmTC_701f6.dir/build.make CMakeFiles/cmTC_701f6.dir/build
Building CXX object CMakeFiles/cmTC_701f6.dir/OpenMPTryFlag.cpp.o
/Applications/Xcode.app/Contents/Developer/Toolchains/XcodeDefault.xctoolchain/usr/bin/c++   -Xclang -fopenmp -v -isysroot /Applications/Xcode.app/Contents/Developer/Platforms/MacOSX.platform/Developer/SDKs/MacOSX11.1.sdk -o CMakeFiles/cmTC_701f6.dir/OpenMPTryFlag.cpp.o -c /Users/Shared/data/_miao_up/3rd_libs/assimp_4.0.1_build/CMakeFiles/FindOpenMP/OpenMPTryFlag.cpp
Apple clang version 12.0.0 (clang-1200.0.32.28)
Target: x86_64-apple-darwin20.2.0
Thread model: posix
InstalledDir: /Applications/Xcode.app/Contents/Developer/Toolchains/XcodeDefault.xctoolchain/usr/bin
ignoring nonexistent directory "/Applications/Xcode.app/Contents/Developer/Platforms/MacOSX.platform/Developer/SDKs/MacOSX11.1.sdk/usr/include/c++/v1"
 "/Applications/Xcode.app/Contents/Developer/Toolchains/XcodeDefault.xctoolchain/usr/bin/clang" -cc1 -triple x86_64-apple-macosx11.0.0 -Wdeprecated-objc-isa-usage -Werror=deprecated-objc-isa-usage -Werror=implicit-function-declaration -emit-obj -mrelax-all -disable-free -disable-llvm-verifier -discard-value-names -main-file-name OpenMPTryFlag.cpp -mrelocation-model pic -pic-level 2 -mthread-model posix -mframe-pointer=all -fno-strict-return -masm-verbose -munwind-tables -target-sdk-version=11.1 -target-cpu penryn -dwarf-column-info -debugger-tuning=lldb -target-linker-version 609.8 -v -resource-dir /Applications/Xcode.app/Contents/Developer/Toolchains/XcodeDefault.xctoolchain/usr/lib/clang/12.0.0 -isysroot /Applications/Xcode.app/Contents/Developer/Platforms/MacOSX.platform/Developer/SDKs/MacOSX11.1.sdk -stdlib=libc++ -internal-isystem /Applications/Xcode.app/Contents/Developer/Toolchains/XcodeDefault.xctoolchain/usr/bin/../include/c++/v1 -internal-isystem /Applications/Xcode.app/Contents/Developer/Platforms/MacOSX.platform/Developer/SDKs/MacOSX11.1.sdk/usr/local/include -internal-isystem /Applications/Xcode.app/Contents/Developer/Toolchains/XcodeDefault.xctoolchain/usr/lib/clang/12.0.0/include -internal-externc-isystem /Applications/Xcode.app/Contents/Developer/Platforms/MacOSX.platform/Developer/SDKs/MacOSX11.1.sdk/usr/include -internal-externc-isystem /Applications/Xcode.app/Contents/Developer/Toolchains/XcodeDefault.xctoolchain/usr/include -Wno-reorder-init-list -Wno-implicit-int-float-conversion -Wno-c99-designator -Wno-final-dtor-non-final-class -Wno-extra-semi-stmt -Wno-misleading-indentation -Wno-quoted-include-in-framework-header -Wno-implicit-fallthrough -Wno-enum-enum-conversion -Wno-enum-float-conversion -fdeprecated-macro -fdebug-compilation-dir /Users/Shared/data/_miao_up/3rd_libs/assimp_4.0.1_build/CMakeFiles/CMakeTmp -ferror-limit 19 -fmessage-length 0 -stack-protector 1 -fstack-check -mdarwin-stkchk-strong-link -fblocks -fencode-extended-block-signature -fregister-global-dtors-with-atexit -fgnuc-version=4.2.1 -fobjc-runtime=macosx-11.0.0 -fcxx-exceptions -fexceptions -fmax-type-align=16 -fdiagnostics-show-option -fopenmp -o CMakeFiles/cmTC_701f6.dir/OpenMPTryFlag.cpp.o -x c++ /Users/Shared/data/_miao_up/3rd_libs/assimp_4.0.1_build/CMakeFiles/FindOpenMP/OpenMPTryFlag.cpp
clang -cc1 version 12.0.0 (clang-1200.0.32.28) default target x86_64-apple-darwin20.2.0
ignoring nonexistent directory "/Applications/Xcode.app/Contents/Developer/Platforms/MacOSX.platform/Developer/SDKs/MacOSX11.1.sdk/usr/local/include"
ignoring nonexistent directory "/Applications/Xcode.app/Contents/Developer/Platforms/MacOSX.platform/Developer/SDKs/MacOSX11.1.sdk/Library/Frameworks"
#include "..." search starts here:
#include <...> search starts here:
 /Applications/Xcode.app/Contents/Developer/Toolchains/XcodeDefault.xctoolchain/usr/bin/../include/c++/v1
 /Applications/Xcode.app/Contents/Developer/Toolchains/XcodeDefault.xctoolchain/usr/lib/clang/12.0.0/include
 /Applications/Xcode.app/Contents/Developer/Platforms/MacOSX.platform/Developer/SDKs/MacOSX11.1.sdk/usr/include
 /Applications/Xcode.app/Contents/Developer/Toolchains/XcodeDefault.xctoolchain/usr/include
 /Applications/Xcode.app/Contents/Developer/Platforms/MacOSX.platform/Developer/SDKs/MacOSX11.1.sdk/System/Library/Frameworks (framework directory)
End of search list.
/Users/Shared/data/_miao_up/3rd_libs/assimp_4.0.1_build/CMakeFiles/FindOpenMP/OpenMPTryFlag.cpp:2:10: fatal error: 'omp.h' file not found
#include <omp.h>
         ^~~~~~~
1 error generated.
make[1]: *** [CMakeFiles/cmTC_701f6.dir/OpenMPTryFlag.cpp.o] Error 1
make: *** [cmTC_701f6/fast] Error 2



Detecting C OpenMP failed with the following output:
Change Dir: /Users/Shared/data/_miao_up/3rd_libs/assimp_4.0.1_build/CMakeFiles/CMakeTmp

Run Build Command(s):/usr/bin/make cmTC_774f7/fast && /Applications/Xcode.app/Contents/Developer/usr/bin/make  -f CMakeFiles/cmTC_774f7.dir/build.make CMakeFiles/cmTC_774f7.dir/build
Building C object CMakeFiles/cmTC_774f7.dir/OpenMPTryFlag.c.o
/Applications/Xcode.app/Contents/Developer/Toolchains/XcodeDefault.xctoolchain/usr/bin/cc   -fopenmp=libomp -v -isysroot /Applications/Xcode.app/Contents/Developer/Platforms/MacOSX.platform/Developer/SDKs/MacOSX11.1.sdk -o CMakeFiles/cmTC_774f7.dir/OpenMPTryFlag.c.o -c /Users/Shared/data/_miao_up/3rd_libs/assimp_4.0.1_build/CMakeFiles/FindOpenMP/OpenMPTryFlag.c
Apple clang version 12.0.0 (clang-1200.0.32.28)
Target: x86_64-apple-darwin20.2.0
Thread model: posix
InstalledDir: /Applications/Xcode.app/Contents/Developer/Toolchains/XcodeDefault.xctoolchain/usr/bin
clang: error: unsupported argument 'libomp' to option 'fopenmp='
make[1]: *** [CMakeFiles/cmTC_774f7.dir/OpenMPTryFlag.c.o] Error 1
make: *** [cmTC_774f7/fast] Error 2



Detecting C OpenMP failed with the following output:
Change Dir: /Users/Shared/data/_miao_up/3rd_libs/assimp_4.0.1_build/CMakeFiles/CMakeTmp

Run Build Command(s):/usr/bin/make cmTC_bbb96/fast && /Applications/Xcode.app/Contents/Developer/usr/bin/make  -f CMakeFiles/cmTC_bbb96.dir/build.make CMakeFiles/cmTC_bbb96.dir/build
Building C object CMakeFiles/cmTC_bbb96.dir/OpenMPTryFlag.c.o
/Applications/Xcode.app/Contents/Developer/Toolchains/XcodeDefault.xctoolchain/usr/bin/cc   -fopenmp=libiomp5 -v -isysroot /Applications/Xcode.app/Contents/Developer/Platforms/MacOSX.platform/Developer/SDKs/MacOSX11.1.sdk -o CMakeFiles/cmTC_bbb96.dir/OpenMPTryFlag.c.o -c /Users/Shared/data/_miao_up/3rd_libs/assimp_4.0.1_build/CMakeFiles/FindOpenMP/OpenMPTryFlag.c
Apple clang version 12.0.0 (clang-1200.0.32.28)
Target: x86_64-apple-darwin20.2.0
Thread model: posix
InstalledDir: /Applications/Xcode.app/Contents/Developer/Toolchains/XcodeDefault.xctoolchain/usr/bin
clang: error: unsupported argument 'libiomp5' to option 'fopenmp='
make[1]: *** [CMakeFiles/cmTC_bbb96.dir/OpenMPTryFlag.c.o] Error 1
make: *** [cmTC_bbb96/fast] Error 2



Detecting C OpenMP failed with the following output:
Change Dir: /Users/Shared/data/_miao_up/3rd_libs/assimp_4.0.1_build/CMakeFiles/CMakeTmp

Run Build Command(s):/usr/bin/make cmTC_d0c14/fast && /Applications/Xcode.app/Contents/Developer/usr/bin/make  -f CMakeFiles/cmTC_d0c14.dir/build.make CMakeFiles/cmTC_d0c14.dir/build
Building C object CMakeFiles/cmTC_d0c14.dir/OpenMPTryFlag.c.o
/Applications/Xcode.app/Contents/Developer/Toolchains/XcodeDefault.xctoolchain/usr/bin/cc   -fopenmp -v -isysroot /Applications/Xcode.app/Contents/Developer/Platforms/MacOSX.platform/Developer/SDKs/MacOSX11.1.sdk -o CMakeFiles/cmTC_d0c14.dir/OpenMPTryFlag.c.o -c /Users/Shared/data/_miao_up/3rd_libs/assimp_4.0.1_build/CMakeFiles/FindOpenMP/OpenMPTryFlag.c
Apple clang version 12.0.0 (clang-1200.0.32.28)
Target: x86_64-apple-darwin20.2.0
Thread model: posix
InstalledDir: /Applications/Xcode.app/Contents/Developer/Toolchains/XcodeDefault.xctoolchain/usr/bin
clang: error: unsupported option '-fopenmp'
make[1]: *** [CMakeFiles/cmTC_d0c14.dir/OpenMPTryFlag.c.o] Error 1
make: *** [cmTC_d0c14/fast] Error 2



Detecting C OpenMP failed with the following output:
Change Dir: /Users/Shared/data/_miao_up/3rd_libs/assimp_4.0.1_build/CMakeFiles/CMakeTmp

Run Build Command(s):/usr/bin/make cmTC_5f954/fast && /Applications/Xcode.app/Contents/Developer/usr/bin/make  -f CMakeFiles/cmTC_5f954.dir/build.make CMakeFiles/cmTC_5f954.dir/build
Building C object CMakeFiles/cmTC_5f954.dir/OpenMPTryFlag.c.o
/Applications/Xcode.app/Contents/Developer/Toolchains/XcodeDefault.xctoolchain/usr/bin/cc   -Xclang -fopenmp -v -isysroot /Applications/Xcode.app/Contents/Developer/Platforms/MacOSX.platform/Developer/SDKs/MacOSX11.1.sdk -o CMakeFiles/cmTC_5f954.dir/OpenMPTryFlag.c.o -c /Users/Shared/data/_miao_up/3rd_libs/assimp_4.0.1_build/CMakeFiles/FindOpenMP/OpenMPTryFlag.c
Apple clang version 12.0.0 (clang-1200.0.32.28)
Target: x86_64-apple-darwin20.2.0
Thread model: posix
InstalledDir: /Applications/Xcode.app/Contents/Developer/Toolchains/XcodeDefault.xctoolchain/usr/bin
 "/Applications/Xcode.app/Contents/Developer/Toolchains/XcodeDefault.xctoolchain/usr/bin/clang" -cc1 -triple x86_64-apple-macosx11.0.0 -Wdeprecated-objc-isa-usage -Werror=deprecated-objc-isa-usage -Werror=implicit-function-declaration -emit-obj -mrelax-all -disable-free -disable-llvm-verifier -discard-value-names -main-file-name OpenMPTryFlag.c -mrelocation-model pic -pic-level 2 -mthread-model posix -mframe-pointer=all -fno-strict-return -masm-verbose -munwind-tables -target-sdk-version=11.1 -target-cpu penryn -dwarf-column-info -debugger-tuning=lldb -target-linker-version 609.8 -v -resource-dir /Applications/Xcode.app/Contents/Developer/Toolchains/XcodeDefault.xctoolchain/usr/lib/clang/12.0.0 -isysroot /Applications/Xcode.app/Contents/Developer/Platforms/MacOSX.platform/Developer/SDKs/MacOSX11.1.sdk -internal-isystem /Applications/Xcode.app/Contents/Developer/Platforms/MacOSX.platform/Developer/SDKs/MacOSX11.1.sdk/usr/local/include -internal-isystem /Applications/Xcode.app/Contents/Developer/Toolchains/XcodeDefault.xctoolchain/usr/lib/clang/12.0.0/include -internal-externc-isystem /Applications/Xcode.app/Contents/Developer/Platforms/MacOSX.platform/Developer/SDKs/MacOSX11.1.sdk/usr/include -internal-externc-isystem /Applications/Xcode.app/Contents/Developer/Toolchains/XcodeDefault.xctoolchain/usr/include -Wno-reorder-init-list -Wno-implicit-int-float-conversion -Wno-c99-designator -Wno-final-dtor-non-final-class -Wno-extra-semi-stmt -Wno-misleading-indentation -Wno-quoted-include-in-framework-header -Wno-implicit-fallthrough -Wno-enum-enum-conversion -Wno-enum-float-conversion -fdebug-compilation-dir /Users/Shared/data/_miao_up/3rd_libs/assimp_4.0.1_build/CMakeFiles/CMakeTmp -ferror-limit 19 -fmessage-length 0 -stack-protector 1 -fstack-check -mdarwin-stkchk-strong-link -fblocks -fencode-extended-block-signature -fregister-global-dtors-with-atexit -fgnuc-version=4.2.1 -fobjc-runtime=macosx-11.0.0 -fmax-type-align=16 -fdiagnostics-show-option -fopenmp -o CMakeFiles/cmTC_5f954.dir/OpenMPTryFlag.c.o -x c /Users/Shared/data/_miao_up/3rd_libs/assimp_4.0.1_build/CMakeFiles/FindOpenMP/OpenMPTryFlag.c
clang -cc1 version 12.0.0 (clang-1200.0.32.28) default target x86_64-apple-darwin20.2.0
ignoring nonexistent directory "/Applications/Xcode.app/Contents/Developer/Platforms/MacOSX.platform/Developer/SDKs/MacOSX11.1.sdk/usr/local/include"
ignoring nonexistent directory "/Applications/Xcode.app/Contents/Developer/Platforms/MacOSX.platform/Developer/SDKs/MacOSX11.1.sdk/Library/Frameworks"
#include "..." search starts here:
#include <...> search starts here:
 /Applications/Xcode.app/Contents/Developer/Toolchains/XcodeDefault.xctoolchain/usr/lib/clang/12.0.0/include
 /Applications/Xcode.app/Contents/Developer/Platforms/MacOSX.platform/Developer/SDKs/MacOSX11.1.sdk/usr/include
 /Applications/Xcode.app/Contents/Developer/Toolchains/XcodeDefault.xctoolchain/usr/include
 /Applications/Xcode.app/Contents/Developer/Platforms/MacOSX.platform/Developer/SDKs/MacOSX11.1.sdk/System/Library/Frameworks (framework directory)
End of search list.
/Users/Shared/data/_miao_up/3rd_libs/assimp_4.0.1_build/CMakeFiles/FindOpenMP/OpenMPTryFlag.c:2:10: fatal error: 'omp.h' file not found
#include <omp.h>
         ^~~~~~~
1 error generated.
make[1]: *** [CMakeFiles/cmTC_5f954.dir/OpenMPTryFlag.c.o] Error 1
make: *** [cmTC_5f954/fast] Error 2



Detecting CXX OpenMP failed with the following output:
Change Dir: /Users/Shared/data/_miao_up/3rd_libs/assimp_4.0.1_build/CMakeFiles/CMakeTmp

Run Build Command(s):/usr/bin/make cmTC_daca0/fast && /Applications/Xcode.app/Contents/Developer/usr/bin/make  -f CMakeFiles/cmTC_daca0.dir/build.make CMakeFiles/cmTC_daca0.dir/build
Building CXX object CMakeFiles/cmTC_daca0.dir/OpenMPTryFlag.cpp.o
/Applications/Xcode.app/Contents/Developer/Toolchains/XcodeDefault.xctoolchain/usr/bin/c++   -fopenmp=libomp -v -isysroot /Applications/Xcode.app/Contents/Developer/Platforms/MacOSX.platform/Developer/SDKs/MacOSX11.1.sdk -o CMakeFiles/cmTC_daca0.dir/OpenMPTryFlag.cpp.o -c /Users/Shared/data/_miao_up/3rd_libs/assimp_4.0.1_build/CMakeFiles/FindOpenMP/OpenMPTryFlag.cpp
Apple clang version 12.0.0 (clang-1200.0.32.28)
Target: x86_64-apple-darwin20.2.0
Thread model: posix
InstalledDir: /Applications/Xcode.app/Contents/Developer/Toolchains/XcodeDefault.xctoolchain/usr/bin
ignoring nonexistent directory "/Applications/Xcode.app/Contents/Developer/Platforms/MacOSX.platform/Developer/SDKs/MacOSX11.1.sdk/usr/include/c++/v1"
clang: error: unsupported argument 'libomp' to option 'fopenmp='
make[1]: *** [CMakeFiles/cmTC_daca0.dir/OpenMPTryFlag.cpp.o] Error 1
make: *** [cmTC_daca0/fast] Error 2



Detecting CXX OpenMP failed with the following output:
Change Dir: /Users/Shared/data/_miao_up/3rd_libs/assimp_4.0.1_build/CMakeFiles/CMakeTmp

Run Build Command(s):/usr/bin/make cmTC_e1962/fast && /Applications/Xcode.app/Contents/Developer/usr/bin/make  -f CMakeFiles/cmTC_e1962.dir/build.make CMakeFiles/cmTC_e1962.dir/build
Building CXX object CMakeFiles/cmTC_e1962.dir/OpenMPTryFlag.cpp.o
/Applications/Xcode.app/Contents/Developer/Toolchains/XcodeDefault.xctoolchain/usr/bin/c++   -fopenmp=libiomp5 -v -isysroot /Applications/Xcode.app/Contents/Developer/Platforms/MacOSX.platform/Developer/SDKs/MacOSX11.1.sdk -o CMakeFiles/cmTC_e1962.dir/OpenMPTryFlag.cpp.o -c /Users/Shared/data/_miao_up/3rd_libs/assimp_4.0.1_build/CMakeFiles/FindOpenMP/OpenMPTryFlag.cpp
Apple clang version 12.0.0 (clang-1200.0.32.28)
Target: x86_64-apple-darwin20.2.0
Thread model: posix
InstalledDir: /Applications/Xcode.app/Contents/Developer/Toolchains/XcodeDefault.xctoolchain/usr/bin
ignoring nonexistent directory "/Applications/Xcode.app/Contents/Developer/Platforms/MacOSX.platform/Developer/SDKs/MacOSX11.1.sdk/usr/include/c++/v1"
clang: error: unsupported argument 'libiomp5' to option 'fopenmp='
make[1]: *** [CMakeFiles/cmTC_e1962.dir/OpenMPTryFlag.cpp.o] Error 1
make: *** [cmTC_e1962/fast] Error 2



Detecting CXX OpenMP failed with the following output:
Change Dir: /Users/Shared/data/_miao_up/3rd_libs/assimp_4.0.1_build/CMakeFiles/CMakeTmp

Run Build Command(s):/usr/bin/make cmTC_ec8d0/fast && /Applications/Xcode.app/Contents/Developer/usr/bin/make  -f CMakeFiles/cmTC_ec8d0.dir/build.make CMakeFiles/cmTC_ec8d0.dir/build
Building CXX object CMakeFiles/cmTC_ec8d0.dir/OpenMPTryFlag.cpp.o
/Applications/Xcode.app/Contents/Developer/Toolchains/XcodeDefault.xctoolchain/usr/bin/c++   -fopenmp -v -isysroot /Applications/Xcode.app/Contents/Developer/Platforms/MacOSX.platform/Developer/SDKs/MacOSX11.1.sdk -o CMakeFiles/cmTC_ec8d0.dir/OpenMPTryFlag.cpp.o -c /Users/Shared/data/_miao_up/3rd_libs/assimp_4.0.1_build/CMakeFiles/FindOpenMP/OpenMPTryFlag.cpp
Apple clang version 12.0.0 (clang-1200.0.32.28)
Target: x86_64-apple-darwin20.2.0
Thread model: posix
InstalledDir: /Applications/Xcode.app/Contents/Developer/Toolchains/XcodeDefault.xctoolchain/usr/bin
ignoring nonexistent directory "/Applications/Xcode.app/Contents/Developer/Platforms/MacOSX.platform/Developer/SDKs/MacOSX11.1.sdk/usr/include/c++/v1"
clang: error: unsupported option '-fopenmp'
make[1]: *** [CMakeFiles/cmTC_ec8d0.dir/OpenMPTryFlag.cpp.o] Error 1
make: *** [cmTC_ec8d0/fast] Error 2



Detecting CXX OpenMP failed with the following output:
Change Dir: /Users/Shared/data/_miao_up/3rd_libs/assimp_4.0.1_build/CMakeFiles/CMakeTmp

Run Build Command(s):/usr/bin/make cmTC_bc3b6/fast && /Applications/Xcode.app/Contents/Developer/usr/bin/make  -f CMakeFiles/cmTC_bc3b6.dir/build.make CMakeFiles/cmTC_bc3b6.dir/build
Building CXX object CMakeFiles/cmTC_bc3b6.dir/OpenMPTryFlag.cpp.o
/Applications/Xcode.app/Contents/Developer/Toolchains/XcodeDefault.xctoolchain/usr/bin/c++   -Xclang -fopenmp -v -isysroot /Applications/Xcode.app/Contents/Developer/Platforms/MacOSX.platform/Developer/SDKs/MacOSX11.1.sdk -o CMakeFiles/cmTC_bc3b6.dir/OpenMPTryFlag.cpp.o -c /Users/Shared/data/_miao_up/3rd_libs/assimp_4.0.1_build/CMakeFiles/FindOpenMP/OpenMPTryFlag.cpp
Apple clang version 12.0.0 (clang-1200.0.32.28)
Target: x86_64-apple-darwin20.2.0
Thread model: posix
InstalledDir: /Applications/Xcode.app/Contents/Developer/Toolchains/XcodeDefault.xctoolchain/usr/bin
ignoring nonexistent directory "/Applications/Xcode.app/Contents/Developer/Platforms/MacOSX.platform/Developer/SDKs/MacOSX11.1.sdk/usr/include/c++/v1"
 "/Applications/Xcode.app/Contents/Developer/Toolchains/XcodeDefault.xctoolchain/usr/bin/clang" -cc1 -triple x86_64-apple-macosx11.0.0 -Wdeprecated-objc-isa-usage -Werror=deprecated-objc-isa-usage -Werror=implicit-function-declaration -emit-obj -mrelax-all -disable-free -disable-llvm-verifier -discard-value-names -main-file-name OpenMPTryFlag.cpp -mrelocation-model pic -pic-level 2 -mthread-model posix -mframe-pointer=all -fno-strict-return -masm-verbose -munwind-tables -target-sdk-version=11.1 -target-cpu penryn -dwarf-column-info -debugger-tuning=lldb -target-linker-version 609.8 -v -resource-dir /Applications/Xcode.app/Contents/Developer/Toolchains/XcodeDefault.xctoolchain/usr/lib/clang/12.0.0 -isysroot /Applications/Xcode.app/Contents/Developer/Platforms/MacOSX.platform/Developer/SDKs/MacOSX11.1.sdk -stdlib=libc++ -internal-isystem /Applications/Xcode.app/Contents/Developer/Toolchains/XcodeDefault.xctoolchain/usr/bin/../include/c++/v1 -internal-isystem /Applications/Xcode.app/Contents/Developer/Platforms/MacOSX.platform/Developer/SDKs/MacOSX11.1.sdk/usr/local/include -internal-isystem /Applications/Xcode.app/Contents/Developer/Toolchains/XcodeDefault.xctoolchain/usr/lib/clang/12.0.0/include -internal-externc-isystem /Applications/Xcode.app/Contents/Developer/Platforms/MacOSX.platform/Developer/SDKs/MacOSX11.1.sdk/usr/include -internal-externc-isystem /Applications/Xcode.app/Contents/Developer/Toolchains/XcodeDefault.xctoolchain/usr/include -Wno-reorder-init-list -Wno-implicit-int-float-conversion -Wno-c99-designator -Wno-final-dtor-non-final-class -Wno-extra-semi-stmt -Wno-misleading-indentation -Wno-quoted-include-in-framework-header -Wno-implicit-fallthrough -Wno-enum-enum-conversion -Wno-enum-float-conversion -fdeprecated-macro -fdebug-compilation-dir /Users/Shared/data/_miao_up/3rd_libs/assimp_4.0.1_build/CMakeFiles/CMakeTmp -ferror-limit 19 -fmessage-length 0 -stack-protector 1 -fstack-check -mdarwin-stkchk-strong-link -fblocks -fencode-extended-block-signature -fregister-global-dtors-with-atexit -fgnuc-version=4.2.1 -fobjc-runtime=macosx-11.0.0 -fcxx-exceptions -fexceptions -fmax-type-align=16 -fdiagnostics-show-option -fopenmp -o CMakeFiles/cmTC_bc3b6.dir/OpenMPTryFlag.cpp.o -x c++ /Users/Shared/data/_miao_up/3rd_libs/assimp_4.0.1_build/CMakeFiles/FindOpenMP/OpenMPTryFlag.cpp
clang -cc1 version 12.0.0 (clang-1200.0.32.28) default target x86_64-apple-darwin20.2.0
ignoring nonexistent directory "/Applications/Xcode.app/Contents/Developer/Platforms/MacOSX.platform/Developer/SDKs/MacOSX11.1.sdk/usr/local/include"
ignoring nonexistent directory "/Applications/Xcode.app/Contents/Developer/Platforms/MacOSX.platform/Developer/SDKs/MacOSX11.1.sdk/Library/Frameworks"
#include "..." search starts here:
#include <...> search starts here:
 /Applications/Xcode.app/Contents/Developer/Toolchains/XcodeDefault.xctoolchain/usr/bin/../include/c++/v1
 /Applications/Xcode.app/Contents/Developer/Toolchains/XcodeDefault.xctoolchain/usr/lib/clang/12.0.0/include
 /Applications/Xcode.app/Contents/Developer/Platforms/MacOSX.platform/Developer/SDKs/MacOSX11.1.sdk/usr/include
 /Applications/Xcode.app/Contents/Developer/Toolchains/XcodeDefault.xctoolchain/usr/include
 /Applications/Xcode.app/Contents/Developer/Platforms/MacOSX.platform/Developer/SDKs/MacOSX11.1.sdk/System/Library/Frameworks (framework directory)
End of search list.
/Users/Shared/data/_miao_up/3rd_libs/assimp_4.0.1_build/CMakeFiles/FindOpenMP/OpenMPTryFlag.cpp:2:10: fatal error: 'omp.h' file not found
#include <omp.h>
         ^~~~~~~
1 error generated.
make[1]: *** [CMakeFiles/cmTC_bc3b6.dir/OpenMPTryFlag.cpp.o] Error 1
make: *** [cmTC_bc3b6/fast] Error 2



Detecting C OpenMP failed with the following output:
Change Dir: /Users/Shared/data/_miao_up/3rd_libs/assimp_4.0.1_build/CMakeFiles/CMakeTmp

Run Build Command(s):/usr/bin/make cmTC_a6d04/fast && /Applications/Xcode.app/Contents/Developer/usr/bin/make  -f CMakeFiles/cmTC_a6d04.dir/build.make CMakeFiles/cmTC_a6d04.dir/build
Building C object CMakeFiles/cmTC_a6d04.dir/OpenMPTryFlag.c.o
/Applications/Xcode.app/Contents/Developer/Toolchains/XcodeDefault.xctoolchain/usr/bin/cc   -fopenmp=libomp -v -isysroot /Applications/Xcode.app/Contents/Developer/Platforms/MacOSX.platform/Developer/SDKs/MacOSX11.1.sdk -o CMakeFiles/cmTC_a6d04.dir/OpenMPTryFlag.c.o -c /Users/Shared/data/_miao_up/3rd_libs/assimp_4.0.1_build/CMakeFiles/FindOpenMP/OpenMPTryFlag.c
Apple clang version 12.0.0 (clang-1200.0.32.28)
Target: x86_64-apple-darwin20.2.0
Thread model: posix
InstalledDir: /Applications/Xcode.app/Contents/Developer/Toolchains/XcodeDefault.xctoolchain/usr/bin
clang: error: unsupported argument 'libomp' to option 'fopenmp='
make[1]: *** [CMakeFiles/cmTC_a6d04.dir/OpenMPTryFlag.c.o] Error 1
make: *** [cmTC_a6d04/fast] Error 2



Detecting C OpenMP failed with the following output:
Change Dir: /Users/Shared/data/_miao_up/3rd_libs/assimp_4.0.1_build/CMakeFiles/CMakeTmp

Run Build Command(s):/usr/bin/make cmTC_3120e/fast && /Applications/Xcode.app/Contents/Developer/usr/bin/make  -f CMakeFiles/cmTC_3120e.dir/build.make CMakeFiles/cmTC_3120e.dir/build
Building C object CMakeFiles/cmTC_3120e.dir/OpenMPTryFlag.c.o
/Applications/Xcode.app/Contents/Developer/Toolchains/XcodeDefault.xctoolchain/usr/bin/cc   -fopenmp=libiomp5 -v -isysroot /Applications/Xcode.app/Contents/Developer/Platforms/MacOSX.platform/Developer/SDKs/MacOSX11.1.sdk -o CMakeFiles/cmTC_3120e.dir/OpenMPTryFlag.c.o -c /Users/Shared/data/_miao_up/3rd_libs/assimp_4.0.1_build/CMakeFiles/FindOpenMP/OpenMPTryFlag.c
Apple clang version 12.0.0 (clang-1200.0.32.28)
Target: x86_64-apple-darwin20.2.0
Thread model: posix
InstalledDir: /Applications/Xcode.app/Contents/Developer/Toolchains/XcodeDefault.xctoolchain/usr/bin
clang: error: unsupported argument 'libiomp5' to option 'fopenmp='
make[1]: *** [CMakeFiles/cmTC_3120e.dir/OpenMPTryFlag.c.o] Error 1
make: *** [cmTC_3120e/fast] Error 2



Detecting C OpenMP failed with the following output:
Change Dir: /Users/Shared/data/_miao_up/3rd_libs/assimp_4.0.1_build/CMakeFiles/CMakeTmp

Run Build Command(s):/usr/bin/make cmTC_f6b87/fast && /Applications/Xcode.app/Contents/Developer/usr/bin/make  -f CMakeFiles/cmTC_f6b87.dir/build.make CMakeFiles/cmTC_f6b87.dir/build
Building C object CMakeFiles/cmTC_f6b87.dir/OpenMPTryFlag.c.o
/Applications/Xcode.app/Contents/Developer/Toolchains/XcodeDefault.xctoolchain/usr/bin/cc   -fopenmp -v -isysroot /Applications/Xcode.app/Contents/Developer/Platforms/MacOSX.platform/Developer/SDKs/MacOSX11.1.sdk -o CMakeFiles/cmTC_f6b87.dir/OpenMPTryFlag.c.o -c /Users/Shared/data/_miao_up/3rd_libs/assimp_4.0.1_build/CMakeFiles/FindOpenMP/OpenMPTryFlag.c
Apple clang version 12.0.0 (clang-1200.0.32.28)
Target: x86_64-apple-darwin20.2.0
Thread model: posix
InstalledDir: /Applications/Xcode.app/Contents/Developer/Toolchains/XcodeDefault.xctoolchain/usr/bin
clang: error: unsupported option '-fopenmp'
make[1]: *** [CMakeFiles/cmTC_f6b87.dir/OpenMPTryFlag.c.o] Error 1
make: *** [cmTC_f6b87/fast] Error 2



Detecting C OpenMP failed with the following output:
Change Dir: /Users/Shared/data/_miao_up/3rd_libs/assimp_4.0.1_build/CMakeFiles/CMakeTmp

Run Build Command(s):/usr/bin/make cmTC_74753/fast && /Applications/Xcode.app/Contents/Developer/usr/bin/make  -f CMakeFiles/cmTC_74753.dir/build.make CMakeFiles/cmTC_74753.dir/build
Building C object CMakeFiles/cmTC_74753.dir/OpenMPTryFlag.c.o
/Applications/Xcode.app/Contents/Developer/Toolchains/XcodeDefault.xctoolchain/usr/bin/cc   -Xclang -fopenmp -v -isysroot /Applications/Xcode.app/Contents/Developer/Platforms/MacOSX.platform/Developer/SDKs/MacOSX11.1.sdk -o CMakeFiles/cmTC_74753.dir/OpenMPTryFlag.c.o -c /Users/Shared/data/_miao_up/3rd_libs/assimp_4.0.1_build/CMakeFiles/FindOpenMP/OpenMPTryFlag.c
Apple clang version 12.0.0 (clang-1200.0.32.28)
Target: x86_64-apple-darwin20.2.0
Thread model: posix
InstalledDir: /Applications/Xcode.app/Contents/Developer/Toolchains/XcodeDefault.xctoolchain/usr/bin
 "/Applications/Xcode.app/Contents/Developer/Toolchains/XcodeDefault.xctoolchain/usr/bin/clang" -cc1 -triple x86_64-apple-macosx11.0.0 -Wdeprecated-objc-isa-usage -Werror=deprecated-objc-isa-usage -Werror=implicit-function-declaration -emit-obj -mrelax-all -disable-free -disable-llvm-verifier -discard-value-names -main-file-name OpenMPTryFlag.c -mrelocation-model pic -pic-level 2 -mthread-model posix -mframe-pointer=all -fno-strict-return -masm-verbose -munwind-tables -target-sdk-version=11.1 -target-cpu penryn -dwarf-column-info -debugger-tuning=lldb -target-linker-version 609.8 -v -resource-dir /Applications/Xcode.app/Contents/Developer/Toolchains/XcodeDefault.xctoolchain/usr/lib/clang/12.0.0 -isysroot /Applications/Xcode.app/Contents/Developer/Platforms/MacOSX.platform/Developer/SDKs/MacOSX11.1.sdk -internal-isystem /Applications/Xcode.app/Contents/Developer/Platforms/MacOSX.platform/Developer/SDKs/MacOSX11.1.sdk/usr/local/include -internal-isystem /Applications/Xcode.app/Contents/Developer/Toolchains/XcodeDefault.xctoolchain/usr/lib/clang/12.0.0/include -internal-externc-isystem /Applications/Xcode.app/Contents/Developer/Platforms/MacOSX.platform/Developer/SDKs/MacOSX11.1.sdk/usr/include -internal-externc-isystem /Applications/Xcode.app/Contents/Developer/Toolchains/XcodeDefault.xctoolchain/usr/include -Wno-reorder-init-list -Wno-implicit-int-float-conversion -Wno-c99-designator -Wno-final-dtor-non-final-class -Wno-extra-semi-stmt -Wno-misleading-indentation -Wno-quoted-include-in-framework-header -Wno-implicit-fallthrough -Wno-enum-enum-conversion -Wno-enum-float-conversion -fdebug-compilation-dir /Users/Shared/data/_miao_up/3rd_libs/assimp_4.0.1_build/CMakeFiles/CMakeTmp -ferror-limit 19 -fmessage-length 0 -stack-protector 1 -fstack-check -mdarwin-stkchk-strong-link -fblocks -fencode-extended-block-signature -fregister-global-dtors-with-atexit -fgnuc-version=4.2.1 -fobjc-runtime=macosx-11.0.0 -fmax-type-align=16 -fdiagnostics-show-option -fopenmp -o CMakeFiles/cmTC_74753.dir/OpenMPTryFlag.c.o -x c /Users/Shared/data/_miao_up/3rd_libs/assimp_4.0.1_build/CMakeFiles/FindOpenMP/OpenMPTryFlag.c
clang -cc1 version 12.0.0 (clang-1200.0.32.28) default target x86_64-apple-darwin20.2.0
ignoring nonexistent directory "/Applications/Xcode.app/Contents/Developer/Platforms/MacOSX.platform/Developer/SDKs/MacOSX11.1.sdk/usr/local/include"
ignoring nonexistent directory "/Applications/Xcode.app/Contents/Developer/Platforms/MacOSX.platform/Developer/SDKs/MacOSX11.1.sdk/Library/Frameworks"
#include "..." search starts here:
#include <...> search starts here:
 /Applications/Xcode.app/Contents/Developer/Toolchains/XcodeDefault.xctoolchain/usr/lib/clang/12.0.0/include
 /Applications/Xcode.app/Contents/Developer/Platforms/MacOSX.platform/Developer/SDKs/MacOSX11.1.sdk/usr/include
 /Applications/Xcode.app/Contents/Developer/Toolchains/XcodeDefault.xctoolchain/usr/include
 /Applications/Xcode.app/Contents/Developer/Platforms/MacOSX.platform/Developer/SDKs/MacOSX11.1.sdk/System/Library/Frameworks (framework directory)
End of search list.
/Users/Shared/data/_miao_up/3rd_libs/assimp_4.0.1_build/CMakeFiles/FindOpenMP/OpenMPTryFlag.c:2:10: fatal error: 'omp.h' file not found
#include <omp.h>
         ^~~~~~~
1 error generated.
make[1]: *** [CMakeFiles/cmTC_74753.dir/OpenMPTryFlag.c.o] Error 1
make: *** [cmTC_74753/fast] Error 2



Detecting CXX OpenMP failed with the following output:
Change Dir: /Users/Shared/data/_miao_up/3rd_libs/assimp_4.0.1_build/CMakeFiles/CMakeTmp

Run Build Command(s):/usr/bin/make cmTC_8617f/fast && /Applications/Xcode.app/Contents/Developer/usr/bin/make  -f CMakeFiles/cmTC_8617f.dir/build.make CMakeFiles/cmTC_8617f.dir/build
Building CXX object CMakeFiles/cmTC_8617f.dir/OpenMPTryFlag.cpp.o
/Applications/Xcode.app/Contents/Developer/Toolchains/XcodeDefault.xctoolchain/usr/bin/c++   -fopenmp=libomp -v -isysroot /Applications/Xcode.app/Contents/Developer/Platforms/MacOSX.platform/Developer/SDKs/MacOSX11.1.sdk -o CMakeFiles/cmTC_8617f.dir/OpenMPTryFlag.cpp.o -c /Users/Shared/data/_miao_up/3rd_libs/assimp_4.0.1_build/CMakeFiles/FindOpenMP/OpenMPTryFlag.cpp
Apple clang version 12.0.0 (clang-1200.0.32.28)
Target: x86_64-apple-darwin20.2.0
Thread model: posix
InstalledDir: /Applications/Xcode.app/Contents/Developer/Toolchains/XcodeDefault.xctoolchain/usr/bin
ignoring nonexistent directory "/Applications/Xcode.app/Contents/Developer/Platforms/MacOSX.platform/Developer/SDKs/MacOSX11.1.sdk/usr/include/c++/v1"
clang: error: unsupported argument 'libomp' to option 'fopenmp='
make[1]: *** [CMakeFiles/cmTC_8617f.dir/OpenMPTryFlag.cpp.o] Error 1
make: *** [cmTC_8617f/fast] Error 2



Detecting CXX OpenMP failed with the following output:
Change Dir: /Users/Shared/data/_miao_up/3rd_libs/assimp_4.0.1_build/CMakeFiles/CMakeTmp

Run Build Command(s):/usr/bin/make cmTC_67d53/fast && /Applications/Xcode.app/Contents/Developer/usr/bin/make  -f CMakeFiles/cmTC_67d53.dir/build.make CMakeFiles/cmTC_67d53.dir/build
Building CXX object CMakeFiles/cmTC_67d53.dir/OpenMPTryFlag.cpp.o
/Applications/Xcode.app/Contents/Developer/Toolchains/XcodeDefault.xctoolchain/usr/bin/c++   -fopenmp=libiomp5 -v -isysroot /Applications/Xcode.app/Contents/Developer/Platforms/MacOSX.platform/Developer/SDKs/MacOSX11.1.sdk -o CMakeFiles/cmTC_67d53.dir/OpenMPTryFlag.cpp.o -c /Users/Shared/data/_miao_up/3rd_libs/assimp_4.0.1_build/CMakeFiles/FindOpenMP/OpenMPTryFlag.cpp
Apple clang version 12.0.0 (clang-1200.0.32.28)
Target: x86_64-apple-darwin20.2.0
Thread model: posix
InstalledDir: /Applications/Xcode.app/Contents/Developer/Toolchains/XcodeDefault.xctoolchain/usr/bin
ignoring nonexistent directory "/Applications/Xcode.app/Contents/Developer/Platforms/MacOSX.platform/Developer/SDKs/MacOSX11.1.sdk/usr/include/c++/v1"
clang: error: unsupported argument 'libiomp5' to option 'fopenmp='
make[1]: *** [CMakeFiles/cmTC_67d53.dir/OpenMPTryFlag.cpp.o] Error 1
make: *** [cmTC_67d53/fast] Error 2



Detecting C OpenMP failed with the following output:
Change Dir: /Users/Shared/data/_miao_up/3rd_libs/assimp_4.0.1_build/CMakeFiles/CMakeTmp

Run Build Command(s):/usr/bin/make cmTC_a7ede/fast && /Applications/Xcode.app/Contents/Developer/usr/bin/make  -f CMakeFiles/cmTC_a7ede.dir/build.make CMakeFiles/cmTC_a7ede.dir/build
Building C object CMakeFiles/cmTC_a7ede.dir/OpenMPTryFlag.c.o
/Applications/Xcode.app/Contents/Developer/Toolchains/XcodeDefault.xctoolchain/usr/bin/cc   -fopenmp=libomp -v -isysroot /Applications/Xcode.app/Contents/Developer/Platforms/MacOSX.platform/Developer/SDKs/MacOSX11.1.sdk -o CMakeFiles/cmTC_a7ede.dir/OpenMPTryFlag.c.o -c /Users/Shared/data/_miao_up/3rd_libs/assimp_4.0.1_build/CMakeFiles/FindOpenMP/OpenMPTryFlag.c
Apple clang version 12.0.0 (clang-1200.0.32.28)
Target: x86_64-apple-darwin20.2.0
Thread model: posix
InstalledDir: /Applications/Xcode.app/Contents/Developer/Toolchains/XcodeDefault.xctoolchain/usr/bin
clang: error: unsupported argument 'libomp' to option 'fopenmp='
make[1]: *** [CMakeFiles/cmTC_a7ede.dir/OpenMPTryFlag.c.o] Error 1
make: *** [cmTC_a7ede/fast] Error 2



Detecting C OpenMP failed with the following output:
Change Dir: /Users/Shared/data/_miao_up/3rd_libs/assimp_4.0.1_build/CMakeFiles/CMakeTmp

Run Build Command(s):/usr/bin/make cmTC_b9ab3/fast && /Applications/Xcode.app/Contents/Developer/usr/bin/make  -f CMakeFiles/cmTC_b9ab3.dir/build.make CMakeFiles/cmTC_b9ab3.dir/build
Building C object CMakeFiles/cmTC_b9ab3.dir/OpenMPTryFlag.c.o
/Applications/Xcode.app/Contents/Developer/Toolchains/XcodeDefault.xctoolchain/usr/bin/cc   -fopenmp=libiomp5 -v -isysroot /Applications/Xcode.app/Contents/Developer/Platforms/MacOSX.platform/Developer/SDKs/MacOSX11.1.sdk -o CMakeFiles/cmTC_b9ab3.dir/OpenMPTryFlag.c.o -c /Users/Shared/data/_miao_up/3rd_libs/assimp_4.0.1_build/CMakeFiles/FindOpenMP/OpenMPTryFlag.c
Apple clang version 12.0.0 (clang-1200.0.32.28)
Target: x86_64-apple-darwin20.2.0
Thread model: posix
InstalledDir: /Applications/Xcode.app/Contents/Developer/Toolchains/XcodeDefault.xctoolchain/usr/bin
clang: error: unsupported argument 'libiomp5' to option 'fopenmp='
make[1]: *** [CMakeFiles/cmTC_b9ab3.dir/OpenMPTryFlag.c.o] Error 1
make: *** [cmTC_b9ab3/fast] Error 2



Detecting C OpenMP failed with the following output:
Change Dir: /Users/Shared/data/_miao_up/3rd_libs/assimp_4.0.1_build/CMakeFiles/CMakeTmp

Run Build Command(s):/usr/bin/make cmTC_03166/fast && /Applications/Xcode.app/Contents/Developer/usr/bin/make  -f CMakeFiles/cmTC_03166.dir/build.make CMakeFiles/cmTC_03166.dir/build
Building C object CMakeFiles/cmTC_03166.dir/OpenMPTryFlag.c.o
/Applications/Xcode.app/Contents/Developer/Toolchains/XcodeDefault.xctoolchain/usr/bin/cc   -fopenmp -v -isysroot /Applications/Xcode.app/Contents/Developer/Platforms/MacOSX.platform/Developer/SDKs/MacOSX11.1.sdk -o CMakeFiles/cmTC_03166.dir/OpenMPTryFlag.c.o -c /Users/Shared/data/_miao_up/3rd_libs/assimp_4.0.1_build/CMakeFiles/FindOpenMP/OpenMPTryFlag.c
Apple clang version 12.0.0 (clang-1200.0.32.28)
Target: x86_64-apple-darwin20.2.0
Thread model: posix
InstalledDir: /Applications/Xcode.app/Contents/Developer/Toolchains/XcodeDefault.xctoolchain/usr/bin
clang: error: unsupported option '-fopenmp'
make[1]: *** [CMakeFiles/cmTC_03166.dir/OpenMPTryFlag.c.o] Error 1
make: *** [cmTC_03166/fast] Error 2



Detecting C OpenMP failed with the following output:
Change Dir: /Users/Shared/data/_miao_up/3rd_libs/assimp_4.0.1_build/CMakeFiles/CMakeTmp

Run Build Command(s):/usr/bin/make cmTC_497f9/fast && /Applications/Xcode.app/Contents/Developer/usr/bin/make  -f CMakeFiles/cmTC_497f9.dir/build.make CMakeFiles/cmTC_497f9.dir/build
Building C object CMakeFiles/cmTC_497f9.dir/OpenMPTryFlag.c.o
/Applications/Xcode.app/Contents/Developer/Toolchains/XcodeDefault.xctoolchain/usr/bin/cc   -Xclang -fopenmp -v -isysroot /Applications/Xcode.app/Contents/Developer/Platforms/MacOSX.platform/Developer/SDKs/MacOSX11.1.sdk -o CMakeFiles/cmTC_497f9.dir/OpenMPTryFlag.c.o -c /Users/Shared/data/_miao_up/3rd_libs/assimp_4.0.1_build/CMakeFiles/FindOpenMP/OpenMPTryFlag.c
Apple clang version 12.0.0 (clang-1200.0.32.28)
Target: x86_64-apple-darwin20.2.0
Thread model: posix
InstalledDir: /Applications/Xcode.app/Contents/Developer/Toolchains/XcodeDefault.xctoolchain/usr/bin
 "/Applications/Xcode.app/Contents/Developer/Toolchains/XcodeDefault.xctoolchain/usr/bin/clang" -cc1 -triple x86_64-apple-macosx11.0.0 -Wdeprecated-objc-isa-usage -Werror=deprecated-objc-isa-usage -Werror=implicit-function-declaration -emit-obj -mrelax-all -disable-free -disable-llvm-verifier -discard-value-names -main-file-name OpenMPTryFlag.c -mrelocation-model pic -pic-level 2 -mthread-model posix -mframe-pointer=all -fno-strict-return -masm-verbose -munwind-tables -target-sdk-version=11.1 -target-cpu penryn -dwarf-column-info -debugger-tuning=lldb -target-linker-version 609.8 -v -resource-dir /Applications/Xcode.app/Contents/Developer/Toolchains/XcodeDefault.xctoolchain/usr/lib/clang/12.0.0 -isysroot /Applications/Xcode.app/Contents/Developer/Platforms/MacOSX.platform/Developer/SDKs/MacOSX11.1.sdk -internal-isystem /Applications/Xcode.app/Contents/Developer/Platforms/MacOSX.platform/Developer/SDKs/MacOSX11.1.sdk/usr/local/include -internal-isystem /Applications/Xcode.app/Contents/Developer/Toolchains/XcodeDefault.xctoolchain/usr/lib/clang/12.0.0/include -internal-externc-isystem /Applications/Xcode.app/Contents/Developer/Platforms/MacOSX.platform/Developer/SDKs/MacOSX11.1.sdk/usr/include -internal-externc-isystem /Applications/Xcode.app/Contents/Developer/Toolchains/XcodeDefault.xctoolchain/usr/include -Wno-reorder-init-list -Wno-implicit-int-float-conversion -Wno-c99-designator -Wno-final-dtor-non-final-class -Wno-extra-semi-stmt -Wno-misleading-indentation -Wno-quoted-include-in-framework-header -Wno-implicit-fallthrough -Wno-enum-enum-conversion -Wno-enum-float-conversion -fdebug-compilation-dir /Users/Shared/data/_miao_up/3rd_libs/assimp_4.0.1_build/CMakeFiles/CMakeTmp -ferror-limit 19 -fmessage-length 0 -stack-protector 1 -fstack-check -mdarwin-stkchk-strong-link -fblocks -fencode-extended-block-signature -fregister-global-dtors-with-atexit -fgnuc-version=4.2.1 -fobjc-runtime=macosx-11.0.0 -fmax-type-align=16 -fdiagnostics-show-option -fopenmp -o CMakeFiles/cmTC_497f9.dir/OpenMPTryFlag.c.o -x c /Users/Shared/data/_miao_up/3rd_libs/assimp_4.0.1_build/CMakeFiles/FindOpenMP/OpenMPTryFlag.c
clang -cc1 version 12.0.0 (clang-1200.0.32.28) default target x86_64-apple-darwin20.2.0
ignoring nonexistent directory "/Applications/Xcode.app/Contents/Developer/Platforms/MacOSX.platform/Developer/SDKs/MacOSX11.1.sdk/usr/local/include"
ignoring nonexistent directory "/Applications/Xcode.app/Contents/Developer/Platforms/MacOSX.platform/Developer/SDKs/MacOSX11.1.sdk/Library/Frameworks"
#include "..." search starts here:
#include <...> search starts here:
 /Applications/Xcode.app/Contents/Developer/Toolchains/XcodeDefault.xctoolchain/usr/lib/clang/12.0.0/include
 /Applications/Xcode.app/Contents/Developer/Platforms/MacOSX.platform/Developer/SDKs/MacOSX11.1.sdk/usr/include
 /Applications/Xcode.app/Contents/Developer/Toolchains/XcodeDefault.xctoolchain/usr/include
 /Applications/Xcode.app/Contents/Developer/Platforms/MacOSX.platform/Developer/SDKs/MacOSX11.1.sdk/System/Library/Frameworks (framework directory)
End of search list.
/Users/Shared/data/_miao_up/3rd_libs/assimp_4.0.1_build/CMakeFiles/FindOpenMP/OpenMPTryFlag.c:2:10: fatal error: 'omp.h' file not found
#include <omp.h>
         ^~~~~~~
1 error generated.
make[1]: *** [CMakeFiles/cmTC_497f9.dir/OpenMPTryFlag.c.o] Error 1
make: *** [cmTC_497f9/fast] Error 2



Detecting CXX OpenMP failed with the following output:
Change Dir: /Users/Shared/data/_miao_up/3rd_libs/assimp_4.0.1_build/CMakeFiles/CMakeTmp

Run Build Command(s):/usr/bin/make cmTC_f76f1/fast && /Applications/Xcode.app/Contents/Developer/usr/bin/make  -f CMakeFiles/cmTC_f76f1.dir/build.make CMakeFiles/cmTC_f76f1.dir/build
Building CXX object CMakeFiles/cmTC_f76f1.dir/OpenMPTryFlag.cpp.o
/Applications/Xcode.app/Contents/Developer/Toolchains/XcodeDefault.xctoolchain/usr/bin/c++   -fopenmp=libomp -v -isysroot /Applications/Xcode.app/Contents/Developer/Platforms/MacOSX.platform/Developer/SDKs/MacOSX11.1.sdk -o CMakeFiles/cmTC_f76f1.dir/OpenMPTryFlag.cpp.o -c /Users/Shared/data/_miao_up/3rd_libs/assimp_4.0.1_build/CMakeFiles/FindOpenMP/OpenMPTryFlag.cpp
Apple clang version 12.0.0 (clang-1200.0.32.28)
Target: x86_64-apple-darwin20.2.0
Thread model: posix
InstalledDir: /Applications/Xcode.app/Contents/Developer/Toolchains/XcodeDefault.xctoolchain/usr/bin
ignoring nonexistent directory "/Applications/Xcode.app/Contents/Developer/Platforms/MacOSX.platform/Developer/SDKs/MacOSX11.1.sdk/usr/include/c++/v1"
clang: error: unsupported argument 'libomp' to option 'fopenmp='
make[1]: *** [CMakeFiles/cmTC_f76f1.dir/OpenMPTryFlag.cpp.o] Error 1
make: *** [cmTC_f76f1/fast] Error 2



Detecting CXX OpenMP failed with the following output:
Change Dir: /Users/Shared/data/_miao_up/3rd_libs/assimp_4.0.1_build/CMakeFiles/CMakeTmp

Run Build Command(s):/usr/bin/make cmTC_24fbc/fast && /Applications/Xcode.app/Contents/Developer/usr/bin/make  -f CMakeFiles/cmTC_24fbc.dir/build.make CMakeFiles/cmTC_24fbc.dir/build
Building CXX object CMakeFiles/cmTC_24fbc.dir/OpenMPTryFlag.cpp.o
/Applications/Xcode.app/Contents/Developer/Toolchains/XcodeDefault.xctoolchain/usr/bin/c++   -fopenmp=libiomp5 -v -isysroot /Applications/Xcode.app/Contents/Developer/Platforms/MacOSX.platform/Developer/SDKs/MacOSX11.1.sdk -o CMakeFiles/cmTC_24fbc.dir/OpenMPTryFlag.cpp.o -c /Users/Shared/data/_miao_up/3rd_libs/assimp_4.0.1_build/CMakeFiles/FindOpenMP/OpenMPTryFlag.cpp
Apple clang version 12.0.0 (clang-1200.0.32.28)
Target: x86_64-apple-darwin20.2.0
Thread model: posix
InstalledDir: /Applications/Xcode.app/Contents/Developer/Toolchains/XcodeDefault.xctoolchain/usr/bin
ignoring nonexistent directory "/Applications/Xcode.app/Contents/Developer/Platforms/MacOSX.platform/Developer/SDKs/MacOSX11.1.sdk/usr/include/c++/v1"
clang: error: unsupported argument 'libiomp5' to option 'fopenmp='
make[1]: *** [CMakeFiles/cmTC_24fbc.dir/OpenMPTryFlag.cpp.o] Error 1
make: *** [cmTC_24fbc/fast] Error 2



Detecting CXX OpenMP failed with the following output:
Change Dir: /Users/Shared/data/_miao_up/3rd_libs/assimp_4.0.1_build/CMakeFiles/CMakeTmp

Run Build Command(s):/usr/bin/make cmTC_0c21b/fast && /Applications/Xcode.app/Contents/Developer/usr/bin/make  -f CMakeFiles/cmTC_0c21b.dir/build.make CMakeFiles/cmTC_0c21b.dir/build
Building CXX object CMakeFiles/cmTC_0c21b.dir/OpenMPTryFlag.cpp.o
/Applications/Xcode.app/Contents/Developer/Toolchains/XcodeDefault.xctoolchain/usr/bin/c++   -fopenmp -v -isysroot /Applications/Xcode.app/Contents/Developer/Platforms/MacOSX.platform/Developer/SDKs/MacOSX11.1.sdk -o CMakeFiles/cmTC_0c21b.dir/OpenMPTryFlag.cpp.o -c /Users/Shared/data/_miao_up/3rd_libs/assimp_4.0.1_build/CMakeFiles/FindOpenMP/OpenMPTryFlag.cpp
Apple clang version 12.0.0 (clang-1200.0.32.28)
Target: x86_64-apple-darwin20.2.0
Thread model: posix
InstalledDir: /Applications/Xcode.app/Contents/Developer/Toolchains/XcodeDefault.xctoolchain/usr/bin
ignoring nonexistent directory "/Applications/Xcode.app/Contents/Developer/Platforms/MacOSX.platform/Developer/SDKs/MacOSX11.1.sdk/usr/include/c++/v1"
clang: error: unsupported option '-fopenmp'
make[1]: *** [CMakeFiles/cmTC_0c21b.dir/OpenMPTryFlag.cpp.o] Error 1
make: *** [cmTC_0c21b/fast] Error 2



Detecting CXX OpenMP failed with the following output:
Change Dir: /Users/Shared/data/_miao_up/3rd_libs/assimp_4.0.1_build/CMakeFiles/CMakeTmp

Run Build Command(s):/usr/bin/make cmTC_6ab05/fast && /Applications/Xcode.app/Contents/Developer/usr/bin/make  -f CMakeFiles/cmTC_6ab05.dir/build.make CMakeFiles/cmTC_6ab05.dir/build
Building CXX object CMakeFiles/cmTC_6ab05.dir/OpenMPTryFlag.cpp.o
/Applications/Xcode.app/Contents/Developer/Toolchains/XcodeDefault.xctoolchain/usr/bin/c++   -Xclang -fopenmp -v -isysroot /Applications/Xcode.app/Contents/Developer/Platforms/MacOSX.platform/Developer/SDKs/MacOSX11.1.sdk -o CMakeFiles/cmTC_6ab05.dir/OpenMPTryFlag.cpp.o -c /Users/Shared/data/_miao_up/3rd_libs/assimp_4.0.1_build/CMakeFiles/FindOpenMP/OpenMPTryFlag.cpp
Apple clang version 12.0.0 (clang-1200.0.32.28)
Target: x86_64-apple-darwin20.2.0
Thread model: posix
InstalledDir: /Applications/Xcode.app/Contents/Developer/Toolchains/XcodeDefault.xctoolchain/usr/bin
ignoring nonexistent directory "/Applications/Xcode.app/Contents/Developer/Platforms/MacOSX.platform/Developer/SDKs/MacOSX11.1.sdk/usr/include/c++/v1"
 "/Applications/Xcode.app/Contents/Developer/Toolchains/XcodeDefault.xctoolchain/usr/bin/clang" -cc1 -triple x86_64-apple-macosx11.0.0 -Wdeprecated-objc-isa-usage -Werror=deprecated-objc-isa-usage -Werror=implicit-function-declaration -emit-obj -mrelax-all -disable-free -disable-llvm-verifier -discard-value-names -main-file-name OpenMPTryFlag.cpp -mrelocation-model pic -pic-level 2 -mthread-model posix -mframe-pointer=all -fno-strict-return -masm-verbose -munwind-tables -target-sdk-version=11.1 -target-cpu penryn -dwarf-column-info -debugger-tuning=lldb -target-linker-version 609.8 -v -resource-dir /Applications/Xcode.app/Contents/Developer/Toolchains/XcodeDefault.xctoolchain/usr/lib/clang/12.0.0 -isysroot /Applications/Xcode.app/Contents/Developer/Platforms/MacOSX.platform/Developer/SDKs/MacOSX11.1.sdk -stdlib=libc++ -internal-isystem /Applications/Xcode.app/Contents/Developer/Toolchains/XcodeDefault.xctoolchain/usr/bin/../include/c++/v1 -internal-isystem /Applications/Xcode.app/Contents/Developer/Platforms/MacOSX.platform/Developer/SDKs/MacOSX11.1.sdk/usr/local/include -internal-isystem /Applications/Xcode.app/Contents/Developer/Toolchains/XcodeDefault.xctoolchain/usr/lib/clang/12.0.0/include -internal-externc-isystem /Applications/Xcode.app/Contents/Developer/Platforms/MacOSX.platform/Developer/SDKs/MacOSX11.1.sdk/usr/include -internal-externc-isystem /Applications/Xcode.app/Contents/Developer/Toolchains/XcodeDefault.xctoolchain/usr/include -Wno-reorder-init-list -Wno-implicit-int-float-conversion -Wno-c99-designator -Wno-final-dtor-non-final-class -Wno-extra-semi-stmt -Wno-misleading-indentation -Wno-quoted-include-in-framework-header -Wno-implicit-fallthrough -Wno-enum-enum-conversion -Wno-enum-float-conversion -fdeprecated-macro -fdebug-compilation-dir /Users/Shared/data/_miao_up/3rd_libs/assimp_4.0.1_build/CMakeFiles/CMakeTmp -ferror-limit 19 -fmessage-length 0 -stack-protector 1 -fstack-check -mdarwin-stkchk-strong-link -fblocks -fencode-extended-block-signature -fregister-global-dtors-with-atexit -fgnuc-version=4.2.1 -fobjc-runtime=macosx-11.0.0 -fcxx-exceptions -fexceptions -fmax-type-align=16 -fdiagnostics-show-option -fopenmp -o CMakeFiles/cmTC_6ab05.dir/OpenMPTryFlag.cpp.o -x c++ /Users/Shared/data/_miao_up/3rd_libs/assimp_4.0.1_build/CMakeFiles/FindOpenMP/OpenMPTryFlag.cpp
clang -cc1 version 12.0.0 (clang-1200.0.32.28) default target x86_64-apple-darwin20.2.0
ignoring nonexistent directory "/Applications/Xcode.app/Contents/Developer/Platforms/MacOSX.platform/Developer/SDKs/MacOSX11.1.sdk/usr/local/include"
ignoring nonexistent directory "/Applications/Xcode.app/Contents/Developer/Platforms/MacOSX.platform/Developer/SDKs/MacOSX11.1.sdk/Library/Frameworks"
#include "..." search starts here:
#include <...> search starts here:
 /Applications/Xcode.app/Contents/Developer/Toolchains/XcodeDefault.xctoolchain/usr/bin/../include/c++/v1
 /Applications/Xcode.app/Contents/Developer/Toolchains/XcodeDefault.xctoolchain/usr/lib/clang/12.0.0/include
 /Applications/Xcode.app/Contents/Developer/Platforms/MacOSX.platform/Developer/SDKs/MacOSX11.1.sdk/usr/include
 /Applications/Xcode.app/Contents/Developer/Toolchains/XcodeDefault.xctoolchain/usr/include
 /Applications/Xcode.app/Contents/Developer/Platforms/MacOSX.platform/Developer/SDKs/MacOSX11.1.sdk/System/Library/Frameworks (framework directory)
End of search list.
/Users/Shared/data/_miao_up/3rd_libs/assimp_4.0.1_build/CMakeFiles/FindOpenMP/OpenMPTryFlag.cpp:2:10: fatal error: 'omp.h' file not found
#include <omp.h>
         ^~~~~~~
1 error generated.
make[1]: *** [CMakeFiles/cmTC_6ab05.dir/OpenMPTryFlag.cpp.o] Error 1
make: *** [cmTC_6ab05/fast] Error 2



Detecting C OpenMP failed with the following output:
Change Dir: /Users/Shared/data/_miao_up/3rd_libs/assimp_4.0.1_build/CMakeFiles/CMakeTmp

Run Build Command(s):/usr/bin/make cmTC_1f8ab/fast && /Applications/Xcode.app/Contents/Developer/usr/bin/make  -f CMakeFiles/cmTC_1f8ab.dir/build.make CMakeFiles/cmTC_1f8ab.dir/build
Building C object CMakeFiles/cmTC_1f8ab.dir/OpenMPTryFlag.c.o
/Applications/Xcode.app/Contents/Developer/Toolchains/XcodeDefault.xctoolchain/usr/bin/cc   -fopenmp=libomp -v -isysroot /Applications/Xcode.app/Contents/Developer/Platforms/MacOSX.platform/Developer/SDKs/MacOSX11.1.sdk -o CMakeFiles/cmTC_1f8ab.dir/OpenMPTryFlag.c.o -c /Users/Shared/data/_miao_up/3rd_libs/assimp_4.0.1_build/CMakeFiles/FindOpenMP/OpenMPTryFlag.c
Apple clang version 12.0.0 (clang-1200.0.32.28)
Target: x86_64-apple-darwin20.2.0
Thread model: posix
InstalledDir: /Applications/Xcode.app/Contents/Developer/Toolchains/XcodeDefault.xctoolchain/usr/bin
clang: error: unsupported argument 'libomp' to option 'fopenmp='
make[2]: *** [CMakeFiles/cmTC_1f8ab.dir/OpenMPTryFlag.c.o] Error 1
make[1]: *** [cmTC_1f8ab/fast] Error 2



Detecting C OpenMP failed with the following output:
Change Dir: /Users/Shared/data/_miao_up/3rd_libs/assimp_4.0.1_build/CMakeFiles/CMakeTmp

Run Build Command(s):/usr/bin/make cmTC_39371/fast && /Applications/Xcode.app/Contents/Developer/usr/bin/make  -f CMakeFiles/cmTC_39371.dir/build.make CMakeFiles/cmTC_39371.dir/build
Building C object CMakeFiles/cmTC_39371.dir/OpenMPTryFlag.c.o
/Applications/Xcode.app/Contents/Developer/Toolchains/XcodeDefault.xctoolchain/usr/bin/cc   -fopenmp=libiomp5 -v -isysroot /Applications/Xcode.app/Contents/Developer/Platforms/MacOSX.platform/Developer/SDKs/MacOSX11.1.sdk -o CMakeFiles/cmTC_39371.dir/OpenMPTryFlag.c.o -c /Users/Shared/data/_miao_up/3rd_libs/assimp_4.0.1_build/CMakeFiles/FindOpenMP/OpenMPTryFlag.c
Apple clang version 12.0.0 (clang-1200.0.32.28)
Target: x86_64-apple-darwin20.2.0
Thread model: posix
InstalledDir: /Applications/Xcode.app/Contents/Developer/Toolchains/XcodeDefault.xctoolchain/usr/bin
clang: error: unsupported argument 'libiomp5' to option 'fopenmp='
make[2]: *** [CMakeFiles/cmTC_39371.dir/OpenMPTryFlag.c.o] Error 1
make[1]: *** [cmTC_39371/fast] Error 2



Detecting C OpenMP failed with the following output:
Change Dir: /Users/Shared/data/_miao_up/3rd_libs/assimp_4.0.1_build/CMakeFiles/CMakeTmp

Run Build Command(s):/usr/bin/make cmTC_6a70e/fast && /Applications/Xcode.app/Contents/Developer/usr/bin/make  -f CMakeFiles/cmTC_6a70e.dir/build.make CMakeFiles/cmTC_6a70e.dir/build
Building C object CMakeFiles/cmTC_6a70e.dir/OpenMPTryFlag.c.o
/Applications/Xcode.app/Contents/Developer/Toolchains/XcodeDefault.xctoolchain/usr/bin/cc   -fopenmp -v -isysroot /Applications/Xcode.app/Contents/Developer/Platforms/MacOSX.platform/Developer/SDKs/MacOSX11.1.sdk -o CMakeFiles/cmTC_6a70e.dir/OpenMPTryFlag.c.o -c /Users/Shared/data/_miao_up/3rd_libs/assimp_4.0.1_build/CMakeFiles/FindOpenMP/OpenMPTryFlag.c
Apple clang version 12.0.0 (clang-1200.0.32.28)
Target: x86_64-apple-darwin20.2.0
Thread model: posix
InstalledDir: /Applications/Xcode.app/Contents/Developer/Toolchains/XcodeDefault.xctoolchain/usr/bin
clang: error: unsupported option '-fopenmp'
make[2]: *** [CMakeFiles/cmTC_6a70e.dir/OpenMPTryFlag.c.o] Error 1
make[1]: *** [cmTC_6a70e/fast] Error 2



Detecting C OpenMP failed with the following output:
Change Dir: /Users/Shared/data/_miao_up/3rd_libs/assimp_4.0.1_build/CMakeFiles/CMakeTmp

Run Build Command(s):/usr/bin/make cmTC_68b45/fast && /Applications/Xcode.app/Contents/Developer/usr/bin/make  -f CMakeFiles/cmTC_68b45.dir/build.make CMakeFiles/cmTC_68b45.dir/build
Building C object CMakeFiles/cmTC_68b45.dir/OpenMPTryFlag.c.o
/Applications/Xcode.app/Contents/Developer/Toolchains/XcodeDefault.xctoolchain/usr/bin/cc   -Xclang -fopenmp -v -isysroot /Applications/Xcode.app/Contents/Developer/Platforms/MacOSX.platform/Developer/SDKs/MacOSX11.1.sdk -o CMakeFiles/cmTC_68b45.dir/OpenMPTryFlag.c.o -c /Users/Shared/data/_miao_up/3rd_libs/assimp_4.0.1_build/CMakeFiles/FindOpenMP/OpenMPTryFlag.c
Apple clang version 12.0.0 (clang-1200.0.32.28)
Target: x86_64-apple-darwin20.2.0
Thread model: posix
InstalledDir: /Applications/Xcode.app/Contents/Developer/Toolchains/XcodeDefault.xctoolchain/usr/bin
 "/Applications/Xcode.app/Contents/Developer/Toolchains/XcodeDefault.xctoolchain/usr/bin/clang" -cc1 -triple x86_64-apple-macosx11.0.0 -Wdeprecated-objc-isa-usage -Werror=deprecated-objc-isa-usage -Werror=implicit-function-declaration -emit-obj -mrelax-all -disable-free -disable-llvm-verifier -discard-value-names -main-file-name OpenMPTryFlag.c -mrelocation-model pic -pic-level 2 -mthread-model posix -mframe-pointer=all -fno-strict-return -masm-verbose -munwind-tables -target-sdk-version=11.1 -target-cpu penryn -dwarf-column-info -debugger-tuning=lldb -target-linker-version 609.8 -v -resource-dir /Applications/Xcode.app/Contents/Developer/Toolchains/XcodeDefault.xctoolchain/usr/lib/clang/12.0.0 -isysroot /Applications/Xcode.app/Contents/Developer/Platforms/MacOSX.platform/Developer/SDKs/MacOSX11.1.sdk -internal-isystem /Applications/Xcode.app/Contents/Developer/Platforms/MacOSX.platform/Developer/SDKs/MacOSX11.1.sdk/usr/local/include -internal-isystem /Applications/Xcode.app/Contents/Developer/Toolchains/XcodeDefault.xctoolchain/usr/lib/clang/12.0.0/include -internal-externc-isystem /Applications/Xcode.app/Contents/Developer/Platforms/MacOSX.platform/Developer/SDKs/MacOSX11.1.sdk/usr/include -internal-externc-isystem /Applications/Xcode.app/Contents/Developer/Toolchains/XcodeDefault.xctoolchain/usr/include -Wno-reorder-init-list -Wno-implicit-int-float-conversion -Wno-c99-designator -Wno-final-dtor-non-final-class -Wno-extra-semi-stmt -Wno-misleading-indentation -Wno-quoted-include-in-framework-header -Wno-implicit-fallthrough -Wno-enum-enum-conversion -Wno-enum-float-conversion -fdebug-compilation-dir /Users/Shared/data/_miao_up/3rd_libs/assimp_4.0.1_build/CMakeFiles/CMakeTmp -ferror-limit 19 -fmessage-length 0 -stack-protector 1 -fstack-check -mdarwin-stkchk-strong-link -fblocks -fencode-extended-block-signature -fregister-global-dtors-with-atexit -fgnuc-version=4.2.1 -fobjc-runtime=macosx-11.0.0 -fmax-type-align=16 -fdiagnostics-show-option -fopenmp -o CMakeFiles/cmTC_68b45.dir/OpenMPTryFlag.c.o -x c /Users/Shared/data/_miao_up/3rd_libs/assimp_4.0.1_build/CMakeFiles/FindOpenMP/OpenMPTryFlag.c
clang -cc1 version 12.0.0 (clang-1200.0.32.28) default target x86_64-apple-darwin20.2.0
ignoring nonexistent directory "/Applications/Xcode.app/Contents/Developer/Platforms/MacOSX.platform/Developer/SDKs/MacOSX11.1.sdk/usr/local/include"
ignoring nonexistent directory "/Applications/Xcode.app/Contents/Developer/Platforms/MacOSX.platform/Developer/SDKs/MacOSX11.1.sdk/Library/Frameworks"
#include "..." search starts here:
#include <...> search starts here:
 /Applications/Xcode.app/Contents/Developer/Toolchains/XcodeDefault.xctoolchain/usr/lib/clang/12.0.0/include
 /Applications/Xcode.app/Contents/Developer/Platforms/MacOSX.platform/Developer/SDKs/MacOSX11.1.sdk/usr/include
 /Applications/Xcode.app/Contents/Developer/Toolchains/XcodeDefault.xctoolchain/usr/include
 /Applications/Xcode.app/Contents/Developer/Platforms/MacOSX.platform/Developer/SDKs/MacOSX11.1.sdk/System/Library/Frameworks (framework directory)
End of search list.
/Users/Shared/data/_miao_up/3rd_libs/assimp_4.0.1_build/CMakeFiles/FindOpenMP/OpenMPTryFlag.c:2:10: fatal error: 'omp.h' file not found
#include <omp.h>
         ^~~~~~~
1 error generated.
make[2]: *** [CMakeFiles/cmTC_68b45.dir/OpenMPTryFlag.c.o] Error 1
make[1]: *** [cmTC_68b45/fast] Error 2



Detecting CXX OpenMP failed with the following output:
Change Dir: /Users/Shared/data/_miao_up/3rd_libs/assimp_4.0.1_build/CMakeFiles/CMakeTmp

Run Build Command(s):/usr/bin/make cmTC_e1de8/fast && /Applications/Xcode.app/Contents/Developer/usr/bin/make  -f CMakeFiles/cmTC_e1de8.dir/build.make CMakeFiles/cmTC_e1de8.dir/build
Building CXX object CMakeFiles/cmTC_e1de8.dir/OpenMPTryFlag.cpp.o
/Applications/Xcode.app/Contents/Developer/Toolchains/XcodeDefault.xctoolchain/usr/bin/c++   -fopenmp=libomp -v -isysroot /Applications/Xcode.app/Contents/Developer/Platforms/MacOSX.platform/Developer/SDKs/MacOSX11.1.sdk -o CMakeFiles/cmTC_e1de8.dir/OpenMPTryFlag.cpp.o -c /Users/Shared/data/_miao_up/3rd_libs/assimp_4.0.1_build/CMakeFiles/FindOpenMP/OpenMPTryFlag.cpp
Apple clang version 12.0.0 (clang-1200.0.32.28)
Target: x86_64-apple-darwin20.2.0
Thread model: posix
InstalledDir: /Applications/Xcode.app/Contents/Developer/Toolchains/XcodeDefault.xctoolchain/usr/bin
ignoring nonexistent directory "/Applications/Xcode.app/Contents/Developer/Platforms/MacOSX.platform/Developer/SDKs/MacOSX11.1.sdk/usr/include/c++/v1"
clang: error: unsupported argument 'libomp' to option 'fopenmp='
make[2]: *** [CMakeFiles/cmTC_e1de8.dir/OpenMPTryFlag.cpp.o] Error 1
make[1]: *** [cmTC_e1de8/fast] Error 2



Detecting CXX OpenMP failed with the following output:
Change Dir: /Users/Shared/data/_miao_up/3rd_libs/assimp_4.0.1_build/CMakeFiles/CMakeTmp

Run Build Command(s):/usr/bin/make cmTC_b72de/fast && /Applications/Xcode.app/Contents/Developer/usr/bin/make  -f CMakeFiles/cmTC_b72de.dir/build.make CMakeFiles/cmTC_b72de.dir/build
Building CXX object CMakeFiles/cmTC_b72de.dir/OpenMPTryFlag.cpp.o
/Applications/Xcode.app/Contents/Developer/Toolchains/XcodeDefault.xctoolchain/usr/bin/c++   -fopenmp=libiomp5 -v -isysroot /Applications/Xcode.app/Contents/Developer/Platforms/MacOSX.platform/Developer/SDKs/MacOSX11.1.sdk -o CMakeFiles/cmTC_b72de.dir/OpenMPTryFlag.cpp.o -c /Users/Shared/data/_miao_up/3rd_libs/assimp_4.0.1_build/CMakeFiles/FindOpenMP/OpenMPTryFlag.cpp
Apple clang version 12.0.0 (clang-1200.0.32.28)
Target: x86_64-apple-darwin20.2.0
Thread model: posix
InstalledDir: /Applications/Xcode.app/Contents/Developer/Toolchains/XcodeDefault.xctoolchain/usr/bin
ignoring nonexistent directory "/Applications/Xcode.app/Contents/Developer/Platforms/MacOSX.platform/Developer/SDKs/MacOSX11.1.sdk/usr/include/c++/v1"
clang: error: unsupported argument 'libiomp5' to option 'fopenmp='
make[2]: *** [CMakeFiles/cmTC_b72de.dir/OpenMPTryFlag.cpp.o] Error 1
make[1]: *** [cmTC_b72de/fast] Error 2



Detecting CXX OpenMP failed with the following output:
Change Dir: /Users/Shared/data/_miao_up/3rd_libs/assimp_4.0.1_build/CMakeFiles/CMakeTmp

Run Build Command(s):/usr/bin/make cmTC_63fb9/fast && /Applications/Xcode.app/Contents/Developer/usr/bin/make  -f CMakeFiles/cmTC_63fb9.dir/build.make CMakeFiles/cmTC_63fb9.dir/build
Building CXX object CMakeFiles/cmTC_63fb9.dir/OpenMPTryFlag.cpp.o
/Applications/Xcode.app/Contents/Developer/Toolchains/XcodeDefault.xctoolchain/usr/bin/c++   -fopenmp -v -isysroot /Applications/Xcode.app/Contents/Developer/Platforms/MacOSX.platform/Developer/SDKs/MacOSX11.1.sdk -o CMakeFiles/cmTC_63fb9.dir/OpenMPTryFlag.cpp.o -c /Users/Shared/data/_miao_up/3rd_libs/assimp_4.0.1_build/CMakeFiles/FindOpenMP/OpenMPTryFlag.cpp
Apple clang version 12.0.0 (clang-1200.0.32.28)
Target: x86_64-apple-darwin20.2.0
Thread model: posix
InstalledDir: /Applications/Xcode.app/Contents/Developer/Toolchains/XcodeDefault.xctoolchain/usr/bin
ignoring nonexistent directory "/Applications/Xcode.app/Contents/Developer/Platforms/MacOSX.platform/Developer/SDKs/MacOSX11.1.sdk/usr/include/c++/v1"
clang: error: unsupported option '-fopenmp'
make[2]: *** [CMakeFiles/cmTC_63fb9.dir/OpenMPTryFlag.cpp.o] Error 1
make[1]: *** [cmTC_63fb9/fast] Error 2



Detecting CXX OpenMP failed with the following output:
Change Dir: /Users/Shared/data/_miao_up/3rd_libs/assimp_4.0.1_build/CMakeFiles/CMakeTmp

Run Build Command(s):/usr/bin/make cmTC_2a3f6/fast && /Applications/Xcode.app/Contents/Developer/usr/bin/make  -f CMakeFiles/cmTC_2a3f6.dir/build.make CMakeFiles/cmTC_2a3f6.dir/build
Building CXX object CMakeFiles/cmTC_2a3f6.dir/OpenMPTryFlag.cpp.o
/Applications/Xcode.app/Contents/Developer/Toolchains/XcodeDefault.xctoolchain/usr/bin/c++   -Xclang -fopenmp -v -isysroot /Applications/Xcode.app/Contents/Developer/Platforms/MacOSX.platform/Developer/SDKs/MacOSX11.1.sdk -o CMakeFiles/cmTC_2a3f6.dir/OpenMPTryFlag.cpp.o -c /Users/Shared/data/_miao_up/3rd_libs/assimp_4.0.1_build/CMakeFiles/FindOpenMP/OpenMPTryFlag.cpp
Apple clang version 12.0.0 (clang-1200.0.32.28)
Target: x86_64-apple-darwin20.2.0
Thread model: posix
InstalledDir: /Applications/Xcode.app/Contents/Developer/Toolchains/XcodeDefault.xctoolchain/usr/bin
ignoring nonexistent directory "/Applications/Xcode.app/Contents/Developer/Platforms/MacOSX.platform/Developer/SDKs/MacOSX11.1.sdk/usr/include/c++/v1"
 "/Applications/Xcode.app/Contents/Developer/Toolchains/XcodeDefault.xctoolchain/usr/bin/clang" -cc1 -triple x86_64-apple-macosx11.0.0 -Wdeprecated-objc-isa-usage -Werror=deprecated-objc-isa-usage -Werror=implicit-function-declaration -emit-obj -mrelax-all -disable-free -disable-llvm-verifier -discard-value-names -main-file-name OpenMPTryFlag.cpp -mrelocation-model pic -pic-level 2 -mthread-model posix -mframe-pointer=all -fno-strict-return -masm-verbose -munwind-tables -target-sdk-version=11.1 -target-cpu penryn -dwarf-column-info -debugger-tuning=lldb -target-linker-version 609.8 -v -resource-dir /Applications/Xcode.app/Contents/Developer/Toolchains/XcodeDefault.xctoolchain/usr/lib/clang/12.0.0 -isysroot /Applications/Xcode.app/Contents/Developer/Platforms/MacOSX.platform/Developer/SDKs/MacOSX11.1.sdk -stdlib=libc++ -internal-isystem /Applications/Xcode.app/Contents/Developer/Toolchains/XcodeDefault.xctoolchain/usr/bin/../include/c++/v1 -internal-isystem /Applications/Xcode.app/Contents/Developer/Platforms/MacOSX.platform/Developer/SDKs/MacOSX11.1.sdk/usr/local/include -internal-isystem /Applications/Xcode.app/Contents/Developer/Toolchains/XcodeDefault.xctoolchain/usr/lib/clang/12.0.0/include -internal-externc-isystem /Applications/Xcode.app/Contents/Developer/Platforms/MacOSX.platform/Developer/SDKs/MacOSX11.1.sdk/usr/include -internal-externc-isystem /Applications/Xcode.app/Contents/Developer/Toolchains/XcodeDefault.xctoolchain/usr/include -Wno-reorder-init-list -Wno-implicit-int-float-conversion -Wno-c99-designator -Wno-final-dtor-non-final-class -Wno-extra-semi-stmt -Wno-misleading-indentation -Wno-quoted-include-in-framework-header -Wno-implicit-fallthrough -Wno-enum-enum-conversion -Wno-enum-float-conversion -fdeprecated-macro -fdebug-compilation-dir /Users/Shared/data/_miao_up/3rd_libs/assimp_4.0.1_build/CMakeFiles/CMakeTmp -ferror-limit 19 -fmessage-length 0 -stack-protector 1 -fstack-check -mdarwin-stkchk-strong-link -fblocks -fencode-extended-block-signature -fregister-global-dtors-with-atexit -fgnuc-version=4.2.1 -fobjc-runtime=macosx-11.0.0 -fcxx-exceptions -fexceptions -fmax-type-align=16 -fdiagnostics-show-option -fopenmp -o CMakeFiles/cmTC_2a3f6.dir/OpenMPTryFlag.cpp.o -x c++ /Users/Shared/data/_miao_up/3rd_libs/assimp_4.0.1_build/CMakeFiles/FindOpenMP/OpenMPTryFlag.cpp
clang -cc1 version 12.0.0 (clang-1200.0.32.28) default target x86_64-apple-darwin20.2.0
ignoring nonexistent directory "/Applications/Xcode.app/Contents/Developer/Platforms/MacOSX.platform/Developer/SDKs/MacOSX11.1.sdk/usr/local/include"
ignoring nonexistent directory "/Applications/Xcode.app/Contents/Developer/Platforms/MacOSX.platform/Developer/SDKs/MacOSX11.1.sdk/Library/Frameworks"
#include "..." search starts here:
#include <...> search starts here:
 /Applications/Xcode.app/Contents/Developer/Toolchains/XcodeDefault.xctoolchain/usr/bin/../include/c++/v1
 /Applications/Xcode.app/Contents/Developer/Toolchains/XcodeDefault.xctoolchain/usr/lib/clang/12.0.0/include
 /Applications/Xcode.app/Contents/Developer/Platforms/MacOSX.platform/Developer/SDKs/MacOSX11.1.sdk/usr/include
 /Applications/Xcode.app/Contents/Developer/Toolchains/XcodeDefault.xctoolchain/usr/include
 /Applications/Xcode.app/Contents/Developer/Platforms/MacOSX.platform/Developer/SDKs/MacOSX11.1.sdk/System/Library/Frameworks (framework directory)
End of search list.
/Users/Shared/data/_miao_up/3rd_libs/assimp_4.0.1_build/CMakeFiles/FindOpenMP/OpenMPTryFlag.cpp:2:10: fatal error: 'omp.h' file not found
#include <omp.h>
         ^~~~~~~
1 error generated.
make[2]: *** [CMakeFiles/cmTC_2a3f6.dir/OpenMPTryFlag.cpp.o] Error 1
make[1]: *** [cmTC_2a3f6/fast] Error 2



